

Node: 
 -> Successors:

 -> Predecessors:
               118: $t118
   119: $t119
   120: $t120
   121: $t121
   122: $t122
   123: $t123
   124: $t124
   125: $t125
   126: $t126
   127: $t127
   128: $a0
   129: $a1
   130: $a2
   131: $a3
   1778: $t1778
   1958: $t1958
   1960: $t1960
   1961: $t1961
   1962: $t1962
   1963: $t1963
   1964: $t1964
   1965: $t1965
   1967: $t1967
   1968: $t1968
   1969: $t1969
   1970: $t1970
   1971: $t1971
   1973: $t1973
   1974: $t1974
   1975: $t1975
   1976: $t1976
   1977: $t1977
   1978: $t1978
   1979: $t1979
   1980: $t1980
   1981: $t1981
   1982: $t1982
   1983: $t1983
   1984: $t1984
   1985: $t1985
   1986: $t1986
   1987: $t1987
   1989: $t1989
   1990: $t1990
   1991: $t1991
   1992: $t1992
   1993: $t1993
   1994: $t1994
   1995: $t1995


Node: 
 -> Successors:

 -> Predecessors:
               118: $t118
   119: $t119
   120: $t120
   121: $t121
   122: $t122
   123: $t123
   124: $t124
   125: $t125
   126: $t126
   127: $t127
   128: $a0
   129: $a1
   130: $a2
   131: $a3
   1778: $t1778
   1958: $t1958
   1960: $t1960
   1961: $t1961
   1962: $t1962
   1963: $t1963
   1964: $t1964
   1965: $t1965
   1967: $t1967
   1968: $t1968
   1969: $t1969
   1970: $t1970
   1971: $t1971
   1973: $t1973
   1974: $t1974
   1975: $t1975
   1976: $t1976
   1977: $t1977
   1978: $t1978
   1979: $t1979
   1980: $t1980
   1981: $t1981
   1982: $t1982
   1983: $t1983
   1984: $t1984
   1985: $t1985
   1986: $t1986
   1987: $t1987
   1989: $t1989
   1990: $t1990
   1991: $t1991
   1992: $t1992
   1993: $t1993
   1994: $t1994
   1995: $t1995


Node: 
 -> Successors:
                                                   
 -> Predecessors:
            118: $t118
   119: $t119
   120: $t120
   121: $t121
   122: $t122
   123: $t123
   124: $t124
   125: $t125
   126: $t126
   127: $t127
   128: $a0
   129: $a1
   130: $a2
   131: $a3
   1778: $t1778
   1958: $t1958
   1960: $t1960
   1961: $t1961
   1962: $t1962
   1963: $t1963
   1965: $t1965
   1967: $t1967
   1968: $t1968
   1969: $t1969
   1970: $t1970
   1973: $t1973
   1974: $t1974
   1975: $t1975
   1976: $t1976
   1977: $t1977
   1978: $t1978
   1979: $t1979
   1980: $t1980
   1981: $t1981
   1982: $t1982
   1983: $t1983
   1984: $t1984
   1985: $t1985
   1986: $t1986
   1987: $t1987
   1989: $t1989
   1990: $t1990
   1991: $t1991
   1992: $t1992
   1993: $t1993
   1994: $t1994
   1995: $t1995


Node: 
 -> Successors:

 -> Predecessors:
               118: $t118
   119: $t119
   120: $t120
   121: $t121
   122: $t122
   123: $t123
   124: $t124
   125: $t125
   126: $t126
   127: $t127
   128: $a0
   129: $a1
   130: $a2
   131: $a3
   1778: $t1778
   1958: $t1958
   1960: $t1960
   1961: $t1961
   1962: $t1962
   1963: $t1963
   1964: $t1964
   1965: $t1965
   1967: $t1967
   1968: $t1968
   1969: $t1969
   1970: $t1970
   1971: $t1971
   1973: $t1973
   1974: $t1974
   1975: $t1975
   1976: $t1976
   1977: $t1977
   1978: $t1978
   1979: $t1979
   1980: $t1980
   1981: $t1981
   1982: $t1982
   1983: $t1983
   1984: $t1984
   1985: $t1985
   1986: $t1986
   1987: $t1987
   1989: $t1989
   1990: $t1990
   1991: $t1991
   1992: $t1992
   1993: $t1993
   1994: $t1994
   1995: $t1995


Node: 
 -> Successors:

 -> Predecessors:
               118: $t118
   119: $t119
   120: $t120
   121: $t121
   122: $t122
   123: $t123
   124: $t124
   125: $t125
   126: $t126
   127: $t127
   128: $a0
   129: $a1
   130: $a2
   131: $a3
   1778: $t1778
   1958: $t1958
   1960: $t1960
   1961: $t1961
   1962: $t1962
   1963: $t1963
   1964: $t1964
   1965: $t1965
   1967: $t1967
   1968: $t1968
   1969: $t1969
   1970: $t1970
   1971: $t1971
   1973: $t1973
   1974: $t1974
   1975: $t1975
   1976: $t1976
   1977: $t1977
   1978: $t1978
   1979: $t1979
   1980: $t1980
   1981: $t1981
   1982: $t1982
   1983: $t1983
   1984: $t1984
   1985: $t1985
   1986: $t1986
   1987: $t1987
   1989: $t1989
   1990: $t1990
   1991: $t1991
   1992: $t1992
   1993: $t1993
   1994: $t1994
   1995: $t1995


Node: 
 -> Successors:

 -> Predecessors:
               118: $t118
   119: $t119
   120: $t120
   121: $t121
   122: $t122
   123: $t123
   124: $t124
   125: $t125
   126: $t126
   127: $t127
   128: $a0
   129: $a1
   130: $a2
   131: $a3
   1778: $t1778
   1958: $t1958
   1960: $t1960
   1961: $t1961
   1962: $t1962
   1963: $t1963
   1964: $t1964
   1965: $t1965
   1967: $t1967
   1968: $t1968
   1969: $t1969
   1970: $t1970
   1971: $t1971
   1973: $t1973
   1974: $t1974
   1975: $t1975
   1976: $t1976
   1977: $t1977
   1978: $t1978
   1979: $t1979
   1980: $t1980
   1981: $t1981
   1982: $t1982
   1983: $t1983
   1984: $t1984
   1985: $t1985
   1986: $t1986
   1987: $t1987
   1989: $t1989
   1990: $t1990
   1991: $t1991
   1992: $t1992
   1993: $t1993
   1994: $t1994
   1995: $t1995


Node: 
 -> Successors:

 -> Predecessors:
               118: $t118
   119: $t119
   120: $t120
   121: $t121
   122: $t122
   123: $t123
   124: $t124
   125: $t125
   126: $t126
   127: $t127
   128: $a0
   129: $a1
   130: $a2
   131: $a3
   1778: $t1778
   1958: $t1958
   1960: $t1960
   1961: $t1961
   1962: $t1962
   1963: $t1963
   1964: $t1964
   1965: $t1965
   1967: $t1967
   1968: $t1968
   1969: $t1969
   1970: $t1970
   1971: $t1971
   1973: $t1973
   1974: $t1974
   1975: $t1975
   1976: $t1976
   1977: $t1977
   1978: $t1978
   1979: $t1979
   1980: $t1980
   1981: $t1981
   1982: $t1982
   1983: $t1983
   1984: $t1984
   1985: $t1985
   1986: $t1986
   1987: $t1987
   1989: $t1989
   1990: $t1990
   1991: $t1991
   1992: $t1992
   1993: $t1993
   1994: $t1994
   1995: $t1995


Node: 
 -> Successors:
                                                   
 -> Predecessors:
            118: $t118
   119: $t119
   120: $t120
   121: $t121
   122: $t122
   123: $t123
   124: $t124
   125: $t125
   126: $t126
   127: $t127
   128: $a0
   129: $a1
   130: $a2
   131: $a3
   1778: $t1778
   1958: $t1958
   1960: $t1960
   1961: $t1961
   1962: $t1962
   1963: $t1963
   1965: $t1965
   1967: $t1967
   1968: $t1968
   1969: $t1969
   1970: $t1970
   1973: $t1973
   1974: $t1974
   1975: $t1975
   1976: $t1976
   1977: $t1977
   1978: $t1978
   1979: $t1979
   1980: $t1980
   1981: $t1981
   1982: $t1982
   1983: $t1983
   1984: $t1984
   1985: $t1985
   1986: $t1986
   1987: $t1987
   1989: $t1989
   1990: $t1990
   1991: $t1991
   1992: $t1992
   1993: $t1993
   1994: $t1994
   1995: $t1995


Node: 
 -> Successors:
                                                   
 -> Predecessors:
            118: $t118
   119: $t119
   120: $t120
   121: $t121
   122: $t122
   123: $t123
   124: $t124
   125: $t125
   126: $t126
   127: $t127
   128: $a0
   129: $a1
   130: $a2
   131: $a3
   1778: $t1778
   1958: $t1958
   1960: $t1960
   1961: $t1961
   1962: $t1962
   1963: $t1963
   1965: $t1965
   1967: $t1967
   1968: $t1968
   1969: $t1969
   1970: $t1970
   1973: $t1973
   1974: $t1974
   1975: $t1975
   1976: $t1976
   1977: $t1977
   1978: $t1978
   1979: $t1979
   1980: $t1980
   1981: $t1981
   1982: $t1982
   1983: $t1983
   1984: $t1984
   1985: $t1985
   1986: $t1986
   1987: $t1987
   1989: $t1989
   1990: $t1990
   1991: $t1991
   1992: $t1992
   1993: $t1993
   1994: $t1994
   1995: $t1995


Node: 
 -> Successors:
                                                   
 -> Predecessors:
            118: $t118
   119: $t119
   120: $t120
   121: $t121
   122: $t122
   123: $t123
   124: $t124
   125: $t125
   126: $t126
   127: $t127
   128: $a0
   129: $a1
   130: $a2
   131: $a3
   1778: $t1778
   1958: $t1958
   1960: $t1960
   1961: $t1961
   1962: $t1962
   1963: $t1963
   1965: $t1965
   1967: $t1967
   1968: $t1968
   1969: $t1969
   1970: $t1970
   1973: $t1973
   1974: $t1974
   1975: $t1975
   1976: $t1976
   1977: $t1977
   1978: $t1978
   1979: $t1979
   1980: $t1980
   1981: $t1981
   1982: $t1982
   1983: $t1983
   1984: $t1984
   1985: $t1985
   1986: $t1986
   1987: $t1987
   1989: $t1989
   1990: $t1990
   1991: $t1991
   1992: $t1992
   1993: $t1993
   1994: $t1994
   1995: $t1995


Node: 
 -> Successors:

 -> Predecessors:
               118: $t118
   119: $t119
   120: $t120
   121: $t121
   122: $t122
   123: $t123
   124: $t124
   125: $t125
   126: $t126
   127: $t127
   128: $a0
   129: $a1
   130: $a2
   131: $a3
   1778: $t1778
   1958: $t1958
   1960: $t1960
   1961: $t1961
   1962: $t1962
   1963: $t1963
   1964: $t1964
   1965: $t1965
   1967: $t1967
   1968: $t1968
   1969: $t1969
   1970: $t1970
   1971: $t1971
   1973: $t1973
   1974: $t1974
   1975: $t1975
   1976: $t1976
   1977: $t1977
   1978: $t1978
   1979: $t1979
   1980: $t1980
   1981: $t1981
   1982: $t1982
   1983: $t1983
   1984: $t1984
   1985: $t1985
   1986: $t1986
   1987: $t1987
   1989: $t1989
   1990: $t1990
   1991: $t1991
   1992: $t1992
   1993: $t1993
   1994: $t1994
   1995: $t1995


Node: 
 -> Successors:

 -> Predecessors:
               118: $t118
   119: $t119
   120: $t120
   121: $t121
   122: $t122
   123: $t123
   124: $t124
   125: $t125
   126: $t126
   127: $t127
   128: $a0
   129: $a1
   130: $a2
   131: $a3
   1778: $t1778
   1958: $t1958
   1960: $t1960
   1961: $t1961
   1962: $t1962
   1963: $t1963
   1964: $t1964
   1965: $t1965
   1967: $t1967
   1968: $t1968
   1969: $t1969
   1970: $t1970
   1971: $t1971
   1973: $t1973
   1974: $t1974
   1975: $t1975
   1976: $t1976
   1977: $t1977
   1978: $t1978
   1979: $t1979
   1980: $t1980
   1981: $t1981
   1982: $t1982
   1983: $t1983
   1984: $t1984
   1985: $t1985
   1986: $t1986
   1987: $t1987
   1989: $t1989
   1990: $t1990
   1991: $t1991
   1992: $t1992
   1993: $t1993
   1994: $t1994
   1995: $t1995


Node: 
 -> Successors:

 -> Predecessors:
               118: $t118
   119: $t119
   120: $t120
   121: $t121
   122: $t122
   123: $t123
   124: $t124
   125: $t125
   126: $t126
   127: $t127
   128: $a0
   129: $a1
   130: $a2
   131: $a3
   1778: $t1778
   1958: $t1958
   1960: $t1960
   1961: $t1961
   1962: $t1962
   1963: $t1963
   1964: $t1964
   1965: $t1965
   1967: $t1967
   1968: $t1968
   1969: $t1969
   1970: $t1970
   1971: $t1971
   1973: $t1973
   1974: $t1974
   1975: $t1975
   1976: $t1976
   1977: $t1977
   1978: $t1978
   1979: $t1979
   1980: $t1980
   1981: $t1981
   1982: $t1982
   1983: $t1983
   1984: $t1984
   1985: $t1985
   1986: $t1986
   1987: $t1987
   1989: $t1989
   1990: $t1990
   1991: $t1991
   1992: $t1992
   1993: $t1993
   1994: $t1994
   1995: $t1995


Node: 
 -> Successors:

 -> Predecessors:
               118: $t118
   119: $t119
   120: $t120
   121: $t121
   122: $t122
   123: $t123
   124: $t124
   125: $t125
   126: $t126
   127: $t127
   128: $a0
   129: $a1
   130: $a2
   131: $a3
   1778: $t1778
   1958: $t1958
   1960: $t1960
   1961: $t1961
   1962: $t1962
   1963: $t1963
   1964: $t1964
   1965: $t1965
   1967: $t1967
   1968: $t1968
   1969: $t1969
   1970: $t1970
   1971: $t1971
   1973: $t1973
   1974: $t1974
   1975: $t1975
   1976: $t1976
   1977: $t1977
   1978: $t1978
   1979: $t1979
   1980: $t1980
   1981: $t1981
   1982: $t1982
   1983: $t1983
   1984: $t1984
   1985: $t1985
   1986: $t1986
   1987: $t1987
   1989: $t1989
   1990: $t1990
   1991: $t1991
   1992: $t1992
   1993: $t1993
   1994: $t1994
   1995: $t1995


Node: 
 -> Successors:

 -> Predecessors:
               118: $t118
   119: $t119
   120: $t120
   121: $t121
   122: $t122
   123: $t123
   124: $t124
   125: $t125
   126: $t126
   127: $t127
   128: $a0
   129: $a1
   130: $a2
   131: $a3
   1778: $t1778
   1958: $t1958
   1960: $t1960
   1961: $t1961
   1962: $t1962
   1963: $t1963
   1964: $t1964
   1965: $t1965
   1967: $t1967
   1968: $t1968
   1969: $t1969
   1970: $t1970
   1971: $t1971
   1973: $t1973
   1974: $t1974
   1975: $t1975
   1976: $t1976
   1977: $t1977
   1978: $t1978
   1979: $t1979
   1980: $t1980
   1981: $t1981
   1982: $t1982
   1983: $t1983
   1984: $t1984
   1985: $t1985
   1986: $t1986
   1987: $t1987
   1989: $t1989
   1990: $t1990
   1991: $t1991
   1992: $t1992
   1993: $t1993
   1994: $t1994
   1995: $t1995


Node: 
 -> Successors:

 -> Predecessors:
               118: $t118
   119: $t119
   120: $t120
   121: $t121
   122: $t122
   123: $t123
   124: $t124
   125: $t125
   126: $t126
   127: $t127
   128: $a0
   129: $a1
   130: $a2
   131: $a3
   1778: $t1778
   1958: $t1958
   1960: $t1960
   1961: $t1961
   1962: $t1962
   1963: $t1963
   1964: $t1964
   1965: $t1965
   1967: $t1967
   1968: $t1968
   1969: $t1969
   1970: $t1970
   1971: $t1971
   1973: $t1973
   1974: $t1974
   1975: $t1975
   1976: $t1976
   1977: $t1977
   1978: $t1978
   1979: $t1979
   1980: $t1980
   1981: $t1981
   1982: $t1982
   1983: $t1983
   1984: $t1984
   1985: $t1985
   1986: $t1986
   1987: $t1987
   1989: $t1989
   1990: $t1990
   1991: $t1991
   1992: $t1992
   1993: $t1993
   1994: $t1994
   1995: $t1995


Node: 
 -> Successors:

 -> Predecessors:
               118: $t118
   119: $t119
   120: $t120
   121: $t121
   122: $t122
   123: $t123
   124: $t124
   125: $t125
   126: $t126
   127: $t127
   128: $a0
   129: $a1
   130: $a2
   131: $a3
   1778: $t1778
   1958: $t1958
   1960: $t1960
   1961: $t1961
   1962: $t1962
   1963: $t1963
   1964: $t1964
   1965: $t1965
   1967: $t1967
   1968: $t1968
   1969: $t1969
   1970: $t1970
   1971: $t1971
   1973: $t1973
   1974: $t1974
   1975: $t1975
   1976: $t1976
   1977: $t1977
   1978: $t1978
   1979: $t1979
   1980: $t1980
   1981: $t1981
   1982: $t1982
   1983: $t1983
   1984: $t1984
   1985: $t1985
   1986: $t1986
   1987: $t1987
   1989: $t1989
   1990: $t1990
   1991: $t1991
   1992: $t1992
   1993: $t1993
   1994: $t1994
   1995: $t1995


Node: 
 -> Successors:

 -> Predecessors:
               118: $t118
   119: $t119
   120: $t120
   121: $t121
   122: $t122
   123: $t123
   124: $t124
   125: $t125
   126: $t126
   127: $t127
   128: $a0
   129: $a1
   130: $a2
   131: $a3
   1778: $t1778
   1958: $t1958
   1960: $t1960
   1961: $t1961
   1962: $t1962
   1963: $t1963
   1964: $t1964
   1965: $t1965
   1967: $t1967
   1968: $t1968
   1969: $t1969
   1970: $t1970
   1971: $t1971
   1973: $t1973
   1974: $t1974
   1975: $t1975
   1976: $t1976
   1977: $t1977
   1978: $t1978
   1979: $t1979
   1980: $t1980
   1981: $t1981
   1982: $t1982
   1983: $t1983
   1984: $t1984
   1985: $t1985
   1986: $t1986
   1987: $t1987
   1989: $t1989
   1990: $t1990
   1991: $t1991
   1992: $t1992
   1993: $t1993
   1994: $t1994
   1995: $t1995


Node: 118: $t118

 -> Successors:
                                                      
 -> Predecessors:


Node: 119: $t119

 -> Successors:
                                                      
 -> Predecessors:


Node: 120: $t120

 -> Successors:
                                                      
 -> Predecessors:


Node: 121: $t121

 -> Successors:
                                                      
 -> Predecessors:


Node: 122: $t122

 -> Successors:
                                                      
 -> Predecessors:


Node: 123: $t123

 -> Successors:
                                                      
 -> Predecessors:


Node: 124: $t124

 -> Successors:
                                                      
 -> Predecessors:


Node: 125: $t125

 -> Successors:
                                                      
 -> Predecessors:


Node: 126: $t126

 -> Successors:
                                                      
 -> Predecessors:


Node: 127: $t127

 -> Successors:
                                                      
 -> Predecessors:


Node: 128: $a0

 -> Successors:
                                                      
 -> Predecessors:


Node: 129: $a1

 -> Successors:
                                                      
 -> Predecessors:


Node: 130: $a2

 -> Successors:
                                                      
 -> Predecessors:


Node: 131: $a3

 -> Successors:
                                                      
 -> Predecessors:


Node: 1778: $t1778

 -> Successors:
                                                      
 -> Predecessors:


Node: 1958: $t1958

 -> Successors:
                                                      
 -> Predecessors:


Node: 1959: $t1959

 -> Successors:

 -> Predecessors:
   1960: $t1960
   1961: $t1961
   1962: $t1962
   1963: $t1963


Node: 1960: $t1960

 -> Successors:
                                                         1959: $t1959

 -> Predecessors:
   1961: $t1961
   1962: $t1962
   1963: $t1963


Node: 1961: $t1961

 -> Successors:
                                                         1959: $t1959
   1960: $t1960

 -> Predecessors:


Node: 1962: $t1962

 -> Successors:
                                                         1959: $t1959
   1960: $t1960

 -> Predecessors:


Node: 1963: $t1963

 -> Successors:
                                                         1959: $t1959
   1960: $t1960

 -> Predecessors:


Node: 1964: $t1964

 -> Successors:
                                          
 -> Predecessors:


Node: 1965: $t1965

 -> Successors:
                                                      
 -> Predecessors:


Node: 1966: $t1966

 -> Successors:

 -> Predecessors:
   1967: $t1967
   1968: $t1968
   1969: $t1969
   1970: $t1970


Node: 1967: $t1967

 -> Successors:
                                                         1966: $t1966

 -> Predecessors:
   1968: $t1968
   1969: $t1969
   1970: $t1970


Node: 1968: $t1968

 -> Successors:
                                                         1966: $t1966
   1967: $t1967

 -> Predecessors:


Node: 1969: $t1969

 -> Successors:
                                                         1966: $t1966
   1967: $t1967

 -> Predecessors:


Node: 1970: $t1970

 -> Successors:
                                                         1966: $t1966
   1967: $t1967

 -> Predecessors:


Node: 1971: $t1971

 -> Successors:
                                          
 -> Predecessors:


Node: 1972: $t1972

 -> Successors:

 -> Predecessors:
   1973: $t1973
   1974: $t1974
   1975: $t1975
   1976: $t1976


Node: 1973: $t1973

 -> Successors:
                                                         1972: $t1972

 -> Predecessors:
   1974: $t1974
   1975: $t1975
   1976: $t1976


Node: 1974: $t1974

 -> Successors:
                                                         1972: $t1972
   1973: $t1973

 -> Predecessors:


Node: 1975: $t1975

 -> Successors:
                                                         1972: $t1972
   1973: $t1973

 -> Predecessors:


Node: 1976: $t1976

 -> Successors:
                                                         1972: $t1972
   1973: $t1973

 -> Predecessors:


Node: 1977: $t1977

 -> Successors:
                                                      
 -> Predecessors:


Node: 1978: $t1978

 -> Successors:
                                                      
 -> Predecessors:


Node: 1979: $t1979

 -> Successors:
                                                      
 -> Predecessors:
   1986: $t1986


Node: 1980: $t1980

 -> Successors:
                                                      
 -> Predecessors:


Node: 1981: $t1981

 -> Successors:
                                                      
 -> Predecessors:
   1983: $t1983
   1984: $t1984
   1985: $t1985


Node: 1982: $t1982

 -> Successors:
                                                      
 -> Predecessors:


Node: 1983: $t1983

 -> Successors:
                                                         1981: $t1981

 -> Predecessors:


Node: 1984: $t1984

 -> Successors:
                                                         1981: $t1981

 -> Predecessors:
   1985: $t1985


Node: 1985: $t1985

 -> Successors:
                                                         1981: $t1981
   1984: $t1984

 -> Predecessors:


Node: 1986: $t1986

 -> Successors:
                                                         1979: $t1979

 -> Predecessors:


Node: 1987: $t1987

 -> Successors:
                                                      
 -> Predecessors:


Node: 1988: $t1988

 -> Successors:

 -> Predecessors:
   1989: $t1989
   1990: $t1990
   1991: $t1991
   1992: $t1992


Node: 1989: $t1989

 -> Successors:
                                                         1988: $t1988

 -> Predecessors:
   1990: $t1990
   1991: $t1991
   1992: $t1992


Node: 1990: $t1990

 -> Successors:
                                                         1988: $t1988
   1989: $t1989

 -> Predecessors:


Node: 1991: $t1991

 -> Successors:
                                                         1988: $t1988
   1989: $t1989

 -> Predecessors:


Node: 1992: $t1992

 -> Successors:
                                                         1988: $t1988
   1989: $t1989

 -> Predecessors:


Node: 1993: $t1993

 -> Successors:
                                                      
 -> Predecessors:


Node: 1994: $t1994

 -> Successors:
                                                      
 -> Predecessors:


Node: 1995: $t1995

 -> Successors:
                                                      
 -> Predecessors:
