

Node: 
 -> Successors:

 -> Predecessors:
      143: $t143


Node: 
 -> Successors:

 -> Predecessors:
      143: $t143


Node: 
 -> Successors:
                                                   
 -> Predecessors:


Node: 
 -> Successors:

 -> Predecessors:
      143: $t143


Node: 
 -> Successors:

 -> Predecessors:
      143: $t143


Node: 
 -> Successors:

 -> Predecessors:
      143: $t143


Node: 
 -> Successors:

 -> Predecessors:
      143: $t143


Node: 
 -> Successors:

 -> Predecessors:
      143: $t143


Node: 
 -> Successors:

 -> Predecessors:
      143: $t143


Node: 
 -> Successors:

 -> Predecessors:
      143: $t143


Node: 
 -> Successors:

 -> Predecessors:
      143: $t143


Node: 
 -> Successors:

 -> Predecessors:
      143: $t143


Node: 
 -> Successors:

 -> Predecessors:
      143: $t143


Node: 
 -> Successors:

 -> Predecessors:
      143: $t143


Node: 
 -> Successors:

 -> Predecessors:
      143: $t143


Node: 
 -> Successors:

 -> Predecessors:
      143: $t143


Node: 
 -> Successors:

 -> Predecessors:
      143: $t143


Node: 
 -> Successors:

 -> Predecessors:
      143: $t143


Node: 143: $t143

 -> Successors:
                                                   
 -> Predecessors:
