

Node: 100: $0
 -> Successors:
   101: $at   102: $v0   103: $v1   104: $k1   105: $k2   106: $gp   107: $fp   108: $sp   109: $ra   112: $s2   113: $s3   114: $s4   115: $s5   116: $s6   117: $s7   118: $t0   119: $t1   120: $t2   121: $t3   122: $t4   123: $t5   124: $t6   125: $t7   126: $t8   127: $t9   128: $a0   129: $a1   130: $a2   131: $a3   1333: $t1333   1335: $t1335   1337: $t1337
 -> Predecessors:
   101: $at   102: $v0   103: $v1   104: $k1   105: $k2   106: $gp   107: $fp   108: $sp   109: $ra   110: $s0   111: $s1   118: $t0   119: $t1   120: $t2   121: $t3   122: $t4   123: $t5   124: $t6   125: $t7   126: $t8   127: $t9   128: $a0   129: $a1   130: $a2   131: $a3   1329: $t1329   1330: $t1330   1331: $t1331   1332: $t1332   1333: $t1333   1334: $t1334   1335: $t1335   1336: $t1336   1337: $t1337   1338: $t1338   1339: $t1339   1341: $t1341   1342: $t1342   1343: $t1343   1345: $t1345   1346: $t1346   1347: $t1347   1349: $t1349   1350: $t1350

Node: 101: $at
 -> Successors:
   100: $0   102: $v0   103: $v1   104: $k1   105: $k2   106: $gp   107: $fp   108: $sp   109: $ra   112: $s2   113: $s3   114: $s4   115: $s5   116: $s6   117: $s7   118: $t0   119: $t1   120: $t2   121: $t3   122: $t4   123: $t5   124: $t6   125: $t7   126: $t8   127: $t9   128: $a0   129: $a1   130: $a2   131: $a3   1333: $t1333   1335: $t1335   1337: $t1337
 -> Predecessors:
   100: $0   102: $v0   103: $v1   104: $k1   105: $k2   106: $gp   107: $fp   108: $sp   109: $ra   110: $s0   111: $s1   118: $t0   119: $t1   120: $t2   121: $t3   122: $t4   123: $t5   124: $t6   125: $t7   126: $t8   127: $t9   128: $a0   129: $a1   130: $a2   131: $a3   1331: $t1331   1336: $t1336   1349: $t1349   1350: $t1350

Node: 102: $v0
 -> Successors:
   100: $0   101: $at   103: $v1   104: $k1   105: $k2   106: $gp   107: $fp   108: $sp   109: $ra   112: $s2   113: $s3   114: $s4   115: $s5   116: $s6   117: $s7   118: $t0   119: $t1   120: $t2   121: $t3   122: $t4   123: $t5   124: $t6   125: $t7   126: $t8   127: $t9   128: $a0   129: $a1   130: $a2   131: $a3   1333: $t1333   1335: $t1335   1337: $t1337
 -> Predecessors:
   100: $0   101: $at   103: $v1   104: $k1   105: $k2   106: $gp   107: $fp   108: $sp   109: $ra   110: $s0   111: $s1   118: $t0   119: $t1   120: $t2   121: $t3   122: $t4   123: $t5   124: $t6   125: $t7   126: $t8   127: $t9   128: $a0   129: $a1   130: $a2   131: $a3

Node: 103: $v1
 -> Successors:
   100: $0   101: $at   102: $v0   104: $k1   105: $k2   106: $gp   107: $fp   108: $sp   109: $ra   112: $s2   113: $s3   114: $s4   115: $s5   116: $s6   117: $s7   118: $t0   119: $t1   120: $t2   121: $t3   122: $t4   123: $t5   124: $t6   125: $t7   126: $t8   127: $t9   128: $a0   129: $a1   130: $a2   131: $a3   1333: $t1333   1335: $t1335   1337: $t1337
 -> Predecessors:
   100: $0   101: $at   102: $v0   104: $k1   105: $k2   106: $gp   107: $fp   108: $sp   109: $ra   110: $s0   111: $s1   118: $t0   119: $t1   120: $t2   121: $t3   122: $t4   123: $t5   124: $t6   125: $t7   126: $t8   127: $t9   128: $a0   129: $a1   130: $a2   131: $a3   1331: $t1331   1336: $t1336   1349: $t1349   1350: $t1350

Node: 104: $k1
 -> Successors:
   100: $0   101: $at   102: $v0   103: $v1   105: $k2   106: $gp   107: $fp   108: $sp   109: $ra   112: $s2   113: $s3   114: $s4   115: $s5   116: $s6   117: $s7   118: $t0   119: $t1   120: $t2   121: $t3   122: $t4   123: $t5   124: $t6   125: $t7   126: $t8   127: $t9   128: $a0   129: $a1   130: $a2   131: $a3   1333: $t1333   1335: $t1335   1337: $t1337
 -> Predecessors:
   100: $0   101: $at   102: $v0   103: $v1   105: $k2   106: $gp   107: $fp   108: $sp   109: $ra   110: $s0   111: $s1   118: $t0   119: $t1   120: $t2   121: $t3   122: $t4   123: $t5   124: $t6   125: $t7   126: $t8   127: $t9   128: $a0   129: $a1   130: $a2   131: $a3   1331: $t1331   1336: $t1336   1349: $t1349   1350: $t1350

Node: 105: $k2
 -> Successors:
   100: $0   101: $at   102: $v0   103: $v1   104: $k1   106: $gp   107: $fp   108: $sp   109: $ra   112: $s2   113: $s3   114: $s4   115: $s5   116: $s6   117: $s7   118: $t0   119: $t1   120: $t2   121: $t3   122: $t4   123: $t5   124: $t6   125: $t7   126: $t8   127: $t9   128: $a0   129: $a1   130: $a2   131: $a3   1333: $t1333   1335: $t1335   1337: $t1337
 -> Predecessors:
   100: $0   101: $at   102: $v0   103: $v1   104: $k1   106: $gp   107: $fp   108: $sp   109: $ra   110: $s0   111: $s1   118: $t0   119: $t1   120: $t2   121: $t3   122: $t4   123: $t5   124: $t6   125: $t7   126: $t8   127: $t9   128: $a0   129: $a1   130: $a2   131: $a3   1331: $t1331   1336: $t1336   1349: $t1349   1350: $t1350

Node: 106: $gp
 -> Successors:
   100: $0   101: $at   102: $v0   103: $v1   104: $k1   105: $k2   107: $fp   108: $sp   109: $ra   112: $s2   113: $s3   114: $s4   115: $s5   116: $s6   117: $s7   118: $t0   119: $t1   120: $t2   121: $t3   122: $t4   123: $t5   124: $t6   125: $t7   126: $t8   127: $t9   128: $a0   129: $a1   130: $a2   131: $a3   1333: $t1333   1335: $t1335   1337: $t1337
 -> Predecessors:
   100: $0   101: $at   102: $v0   103: $v1   104: $k1   105: $k2   107: $fp   108: $sp   109: $ra   110: $s0   111: $s1   118: $t0   119: $t1   120: $t2   121: $t3   122: $t4   123: $t5   124: $t6   125: $t7   126: $t8   127: $t9   128: $a0   129: $a1   130: $a2   131: $a3   1331: $t1331   1336: $t1336   1349: $t1349   1350: $t1350

Node: 107: $fp
 -> Successors:
   100: $0   101: $at   102: $v0   103: $v1   104: $k1   105: $k2   106: $gp   108: $sp   109: $ra   112: $s2   113: $s3   114: $s4   115: $s5   116: $s6   117: $s7   118: $t0   119: $t1   120: $t2   121: $t3   122: $t4   123: $t5   124: $t6   125: $t7   126: $t8   127: $t9   128: $a0   129: $a1   130: $a2   131: $a3   1333: $t1333   1335: $t1335   1337: $t1337
 -> Predecessors:
   100: $0   101: $at   102: $v0   103: $v1   104: $k1   105: $k2   106: $gp   108: $sp   109: $ra   110: $s0   111: $s1   118: $t0   119: $t1   120: $t2   121: $t3   122: $t4   123: $t5   124: $t6   125: $t7   126: $t8   127: $t9   128: $a0   129: $a1   130: $a2   131: $a3   1329: $t1329   1330: $t1330   1332: $t1332   1334: $t1334   1341: $t1341   1345: $t1345

Node: 108: $sp
 -> Successors:
   100: $0   101: $at   102: $v0   103: $v1   104: $k1   105: $k2   106: $gp   107: $fp   109: $ra   110: $s0   111: $s1   112: $s2   113: $s3   114: $s4   115: $s5   116: $s6   117: $s7   118: $t0   119: $t1   120: $t2   121: $t3   122: $t4   123: $t5   124: $t6   125: $t7   126: $t8   127: $t9   128: $a0   129: $a1   130: $a2   131: $a3   1333: $t1333   1335: $t1335   1337: $t1337
 -> Predecessors:
   100: $0   101: $at   102: $v0   103: $v1   104: $k1   105: $k2   106: $gp   107: $fp   109: $ra   110: $s0   111: $s1   118: $t0   119: $t1   120: $t2   121: $t3   122: $t4   123: $t5   124: $t6   125: $t7   126: $t8   127: $t9   128: $a0   129: $a1   130: $a2   131: $a3   1331: $t1331   1336: $t1336   1349: $t1349   1350: $t1350

Node: 109: $ra
 -> Successors:
   100: $0   101: $at   102: $v0   103: $v1   104: $k1   105: $k2   106: $gp   107: $fp   108: $sp   112: $s2   113: $s3   114: $s4   115: $s5   116: $s6   117: $s7   118: $t0   119: $t1   120: $t2   121: $t3   122: $t4   123: $t5   124: $t6   125: $t7   126: $t8   127: $t9   128: $a0   129: $a1   130: $a2   131: $a3   1333: $t1333   1335: $t1335   1337: $t1337
 -> Predecessors:
   100: $0   101: $at   102: $v0   103: $v1   104: $k1   105: $k2   106: $gp   107: $fp   108: $sp   110: $s0   111: $s1   118: $t0   119: $t1   120: $t2   121: $t3   122: $t4   123: $t5   124: $t6   125: $t7   126: $t8   127: $t9   128: $a0   129: $a1   130: $a2   131: $a3

Node: 110: $s0
 -> Successors:
   100: $0   101: $at   102: $v0   103: $v1   104: $k1   105: $k2   106: $gp   107: $fp   108: $sp   109: $ra   112: $s2   113: $s3   114: $s4   115: $s5   116: $s6   117: $s7
 -> Predecessors:
   108: $sp   111: $s1

Node: 111: $s1
 -> Successors:
   100: $0   101: $at   102: $v0   103: $v1   104: $k1   105: $k2   106: $gp   107: $fp   108: $sp   109: $ra   110: $s0   112: $s2   113: $s3   114: $s4   115: $s5   116: $s6   117: $s7
 -> Predecessors:
   108: $sp

Node: 112: $s2
 -> Successors:

 -> Predecessors:
   100: $0   101: $at   102: $v0   103: $v1   104: $k1   105: $k2   106: $gp   107: $fp   108: $sp   109: $ra   110: $s0   111: $s1   118: $t0   119: $t1   120: $t2   121: $t3   122: $t4   123: $t5   124: $t6   125: $t7   126: $t8   127: $t9   128: $a0   129: $a1   130: $a2   131: $a3   1329: $t1329   1330: $t1330   1331: $t1331   1332: $t1332   1333: $t1333   1334: $t1334   1335: $t1335   1336: $t1336   1337: $t1337   1338: $t1338   1339: $t1339   1340: $t1340   1341: $t1341   1342: $t1342   1343: $t1343   1344: $t1344   1345: $t1345   1346: $t1346   1347: $t1347   1348: $t1348   1349: $t1349   1350: $t1350

Node: 113: $s3
 -> Successors:

 -> Predecessors:
   100: $0   101: $at   102: $v0   103: $v1   104: $k1   105: $k2   106: $gp   107: $fp   108: $sp   109: $ra   110: $s0   111: $s1   118: $t0   119: $t1   120: $t2   121: $t3   122: $t4   123: $t5   124: $t6   125: $t7   126: $t8   127: $t9   128: $a0   129: $a1   130: $a2   131: $a3   1329: $t1329   1330: $t1330   1331: $t1331   1332: $t1332   1333: $t1333   1334: $t1334   1335: $t1335   1336: $t1336   1337: $t1337   1338: $t1338   1339: $t1339   1340: $t1340   1341: $t1341   1342: $t1342   1343: $t1343   1344: $t1344   1345: $t1345   1346: $t1346   1347: $t1347   1348: $t1348   1349: $t1349   1350: $t1350

Node: 114: $s4
 -> Successors:

 -> Predecessors:
   100: $0   101: $at   102: $v0   103: $v1   104: $k1   105: $k2   106: $gp   107: $fp   108: $sp   109: $ra   110: $s0   111: $s1   118: $t0   119: $t1   120: $t2   121: $t3   122: $t4   123: $t5   124: $t6   125: $t7   126: $t8   127: $t9   128: $a0   129: $a1   130: $a2   131: $a3   1329: $t1329   1330: $t1330   1331: $t1331   1332: $t1332   1333: $t1333   1334: $t1334   1335: $t1335   1336: $t1336   1337: $t1337   1338: $t1338   1339: $t1339   1340: $t1340   1341: $t1341   1342: $t1342   1343: $t1343   1344: $t1344   1345: $t1345   1346: $t1346   1347: $t1347   1348: $t1348   1349: $t1349   1350: $t1350

Node: 115: $s5
 -> Successors:

 -> Predecessors:
   100: $0   101: $at   102: $v0   103: $v1   104: $k1   105: $k2   106: $gp   107: $fp   108: $sp   109: $ra   110: $s0   111: $s1   118: $t0   119: $t1   120: $t2   121: $t3   122: $t4   123: $t5   124: $t6   125: $t7   126: $t8   127: $t9   128: $a0   129: $a1   130: $a2   131: $a3   1329: $t1329   1330: $t1330   1331: $t1331   1332: $t1332   1333: $t1333   1334: $t1334   1335: $t1335   1336: $t1336   1337: $t1337   1338: $t1338   1339: $t1339   1340: $t1340   1341: $t1341   1342: $t1342   1343: $t1343   1344: $t1344   1345: $t1345   1346: $t1346   1347: $t1347   1348: $t1348   1349: $t1349   1350: $t1350

Node: 116: $s6
 -> Successors:

 -> Predecessors:
   100: $0   101: $at   102: $v0   103: $v1   104: $k1   105: $k2   106: $gp   107: $fp   108: $sp   109: $ra   110: $s0   111: $s1   118: $t0   119: $t1   120: $t2   121: $t3   122: $t4   123: $t5   124: $t6   125: $t7   126: $t8   127: $t9   128: $a0   129: $a1   130: $a2   131: $a3   1329: $t1329   1330: $t1330   1331: $t1331   1332: $t1332   1333: $t1333   1334: $t1334   1335: $t1335   1336: $t1336   1337: $t1337   1338: $t1338   1339: $t1339   1340: $t1340   1341: $t1341   1342: $t1342   1343: $t1343   1344: $t1344   1345: $t1345   1346: $t1346   1347: $t1347   1348: $t1348   1349: $t1349   1350: $t1350

Node: 117: $s7
 -> Successors:

 -> Predecessors:
   100: $0   101: $at   102: $v0   103: $v1   104: $k1   105: $k2   106: $gp   107: $fp   108: $sp   109: $ra   110: $s0   111: $s1   118: $t0   119: $t1   120: $t2   121: $t3   122: $t4   123: $t5   124: $t6   125: $t7   126: $t8   127: $t9   128: $a0   129: $a1   130: $a2   131: $a3   1329: $t1329   1330: $t1330   1331: $t1331   1332: $t1332   1333: $t1333   1334: $t1334   1335: $t1335   1336: $t1336   1337: $t1337   1338: $t1338   1339: $t1339   1340: $t1340   1341: $t1341   1342: $t1342   1343: $t1343   1344: $t1344   1345: $t1345   1346: $t1346   1347: $t1347   1348: $t1348   1349: $t1349   1350: $t1350

Node: 118: $t0
 -> Successors:
   100: $0   101: $at   102: $v0   103: $v1   104: $k1   105: $k2   106: $gp   107: $fp   108: $sp   109: $ra   112: $s2   113: $s3   114: $s4   115: $s5   116: $s6   117: $s7   119: $t1   120: $t2   121: $t3   122: $t4   123: $t5   124: $t6   125: $t7   126: $t8   127: $t9   128: $a0   129: $a1   130: $a2   131: $a3   1333: $t1333   1335: $t1335   1337: $t1337
 -> Predecessors:
   100: $0   101: $at   102: $v0   103: $v1   104: $k1   105: $k2   106: $gp   107: $fp   108: $sp   109: $ra   119: $t1   120: $t2   121: $t3   122: $t4   123: $t5   124: $t6   125: $t7   126: $t8   127: $t9   128: $a0   129: $a1   130: $a2   131: $a3

Node: 119: $t1
 -> Successors:
   100: $0   101: $at   102: $v0   103: $v1   104: $k1   105: $k2   106: $gp   107: $fp   108: $sp   109: $ra   112: $s2   113: $s3   114: $s4   115: $s5   116: $s6   117: $s7   118: $t0   120: $t2   121: $t3   122: $t4   123: $t5   124: $t6   125: $t7   126: $t8   127: $t9   128: $a0   129: $a1   130: $a2   131: $a3   1333: $t1333   1335: $t1335   1337: $t1337
 -> Predecessors:
   100: $0   101: $at   102: $v0   103: $v1   104: $k1   105: $k2   106: $gp   107: $fp   108: $sp   109: $ra   118: $t0   120: $t2   121: $t3   122: $t4   123: $t5   124: $t6   125: $t7   126: $t8   127: $t9   128: $a0   129: $a1   130: $a2   131: $a3

Node: 120: $t2
 -> Successors:
   100: $0   101: $at   102: $v0   103: $v1   104: $k1   105: $k2   106: $gp   107: $fp   108: $sp   109: $ra   112: $s2   113: $s3   114: $s4   115: $s5   116: $s6   117: $s7   118: $t0   119: $t1   121: $t3   122: $t4   123: $t5   124: $t6   125: $t7   126: $t8   127: $t9   128: $a0   129: $a1   130: $a2   131: $a3   1333: $t1333   1335: $t1335   1337: $t1337
 -> Predecessors:
   100: $0   101: $at   102: $v0   103: $v1   104: $k1   105: $k2   106: $gp   107: $fp   108: $sp   109: $ra   118: $t0   119: $t1   121: $t3   122: $t4   123: $t5   124: $t6   125: $t7   126: $t8   127: $t9   128: $a0   129: $a1   130: $a2   131: $a3

Node: 121: $t3
 -> Successors:
   100: $0   101: $at   102: $v0   103: $v1   104: $k1   105: $k2   106: $gp   107: $fp   108: $sp   109: $ra   112: $s2   113: $s3   114: $s4   115: $s5   116: $s6   117: $s7   118: $t0   119: $t1   120: $t2   122: $t4   123: $t5   124: $t6   125: $t7   126: $t8   127: $t9   128: $a0   129: $a1   130: $a2   131: $a3   1333: $t1333   1335: $t1335   1337: $t1337
 -> Predecessors:
   100: $0   101: $at   102: $v0   103: $v1   104: $k1   105: $k2   106: $gp   107: $fp   108: $sp   109: $ra   118: $t0   119: $t1   120: $t2   122: $t4   123: $t5   124: $t6   125: $t7   126: $t8   127: $t9   128: $a0   129: $a1   130: $a2   131: $a3

Node: 122: $t4
 -> Successors:
   100: $0   101: $at   102: $v0   103: $v1   104: $k1   105: $k2   106: $gp   107: $fp   108: $sp   109: $ra   112: $s2   113: $s3   114: $s4   115: $s5   116: $s6   117: $s7   118: $t0   119: $t1   120: $t2   121: $t3   123: $t5   124: $t6   125: $t7   126: $t8   127: $t9   128: $a0   129: $a1   130: $a2   131: $a3   1333: $t1333   1335: $t1335   1337: $t1337
 -> Predecessors:
   100: $0   101: $at   102: $v0   103: $v1   104: $k1   105: $k2   106: $gp   107: $fp   108: $sp   109: $ra   118: $t0   119: $t1   120: $t2   121: $t3   123: $t5   124: $t6   125: $t7   126: $t8   127: $t9   128: $a0   129: $a1   130: $a2   131: $a3

Node: 123: $t5
 -> Successors:
   100: $0   101: $at   102: $v0   103: $v1   104: $k1   105: $k2   106: $gp   107: $fp   108: $sp   109: $ra   112: $s2   113: $s3   114: $s4   115: $s5   116: $s6   117: $s7   118: $t0   119: $t1   120: $t2   121: $t3   122: $t4   124: $t6   125: $t7   126: $t8   127: $t9   128: $a0   129: $a1   130: $a2   131: $a3   1333: $t1333   1335: $t1335   1337: $t1337
 -> Predecessors:
   100: $0   101: $at   102: $v0   103: $v1   104: $k1   105: $k2   106: $gp   107: $fp   108: $sp   109: $ra   118: $t0   119: $t1   120: $t2   121: $t3   122: $t4   124: $t6   125: $t7   126: $t8   127: $t9   128: $a0   129: $a1   130: $a2   131: $a3

Node: 124: $t6
 -> Successors:
   100: $0   101: $at   102: $v0   103: $v1   104: $k1   105: $k2   106: $gp   107: $fp   108: $sp   109: $ra   112: $s2   113: $s3   114: $s4   115: $s5   116: $s6   117: $s7   118: $t0   119: $t1   120: $t2   121: $t3   122: $t4   123: $t5   125: $t7   126: $t8   127: $t9   128: $a0   129: $a1   130: $a2   131: $a3   1333: $t1333   1335: $t1335   1337: $t1337
 -> Predecessors:
   100: $0   101: $at   102: $v0   103: $v1   104: $k1   105: $k2   106: $gp   107: $fp   108: $sp   109: $ra   118: $t0   119: $t1   120: $t2   121: $t3   122: $t4   123: $t5   125: $t7   126: $t8   127: $t9   128: $a0   129: $a1   130: $a2   131: $a3

Node: 125: $t7
 -> Successors:
   100: $0   101: $at   102: $v0   103: $v1   104: $k1   105: $k2   106: $gp   107: $fp   108: $sp   109: $ra   112: $s2   113: $s3   114: $s4   115: $s5   116: $s6   117: $s7   118: $t0   119: $t1   120: $t2   121: $t3   122: $t4   123: $t5   124: $t6   126: $t8   127: $t9   128: $a0   129: $a1   130: $a2   131: $a3   1333: $t1333   1335: $t1335   1337: $t1337
 -> Predecessors:
   100: $0   101: $at   102: $v0   103: $v1   104: $k1   105: $k2   106: $gp   107: $fp   108: $sp   109: $ra   118: $t0   119: $t1   120: $t2   121: $t3   122: $t4   123: $t5   124: $t6   126: $t8   127: $t9   128: $a0   129: $a1   130: $a2   131: $a3

Node: 126: $t8
 -> Successors:
   100: $0   101: $at   102: $v0   103: $v1   104: $k1   105: $k2   106: $gp   107: $fp   108: $sp   109: $ra   112: $s2   113: $s3   114: $s4   115: $s5   116: $s6   117: $s7   118: $t0   119: $t1   120: $t2   121: $t3   122: $t4   123: $t5   124: $t6   125: $t7   127: $t9   128: $a0   129: $a1   130: $a2   131: $a3   1333: $t1333   1335: $t1335   1337: $t1337
 -> Predecessors:
   100: $0   101: $at   102: $v0   103: $v1   104: $k1   105: $k2   106: $gp   107: $fp   108: $sp   109: $ra   118: $t0   119: $t1   120: $t2   121: $t3   122: $t4   123: $t5   124: $t6   125: $t7   127: $t9   128: $a0   129: $a1   130: $a2   131: $a3

Node: 127: $t9
 -> Successors:
   100: $0   101: $at   102: $v0   103: $v1   104: $k1   105: $k2   106: $gp   107: $fp   108: $sp   109: $ra   112: $s2   113: $s3   114: $s4   115: $s5   116: $s6   117: $s7   118: $t0   119: $t1   120: $t2   121: $t3   122: $t4   123: $t5   124: $t6   125: $t7   126: $t8   128: $a0   129: $a1   130: $a2   131: $a3   1333: $t1333   1335: $t1335   1337: $t1337
 -> Predecessors:
   100: $0   101: $at   102: $v0   103: $v1   104: $k1   105: $k2   106: $gp   107: $fp   108: $sp   109: $ra   118: $t0   119: $t1   120: $t2   121: $t3   122: $t4   123: $t5   124: $t6   125: $t7   126: $t8   128: $a0   129: $a1   130: $a2   131: $a3

Node: 128: $a0
 -> Successors:
   100: $0   101: $at   102: $v0   103: $v1   104: $k1   105: $k2   106: $gp   107: $fp   108: $sp   109: $ra   112: $s2   113: $s3   114: $s4   115: $s5   116: $s6   117: $s7   118: $t0   119: $t1   120: $t2   121: $t3   122: $t4   123: $t5   124: $t6   125: $t7   126: $t8   127: $t9   129: $a1   130: $a2   131: $a3   1333: $t1333   1335: $t1335   1337: $t1337
 -> Predecessors:
   100: $0   101: $at   102: $v0   103: $v1   104: $k1   105: $k2   106: $gp   107: $fp   108: $sp   109: $ra   118: $t0   119: $t1   120: $t2   121: $t3   122: $t4   123: $t5   124: $t6   125: $t7   126: $t8   127: $t9   129: $a1   130: $a2   131: $a3   1340: $t1340   1344: $t1344   1348: $t1348

Node: 129: $a1
 -> Successors:
   100: $0   101: $at   102: $v0   103: $v1   104: $k1   105: $k2   106: $gp   107: $fp   108: $sp   109: $ra   112: $s2   113: $s3   114: $s4   115: $s5   116: $s6   117: $s7   118: $t0   119: $t1   120: $t2   121: $t3   122: $t4   123: $t5   124: $t6   125: $t7   126: $t8   127: $t9   128: $a0   130: $a2   131: $a3   1333: $t1333   1335: $t1335   1337: $t1337
 -> Predecessors:
   100: $0   101: $at   102: $v0   103: $v1   104: $k1   105: $k2   106: $gp   107: $fp   108: $sp   109: $ra   118: $t0   119: $t1   120: $t2   121: $t3   122: $t4   123: $t5   124: $t6   125: $t7   126: $t8   127: $t9   128: $a0   130: $a2   131: $a3

Node: 130: $a2
 -> Successors:
   100: $0   101: $at   102: $v0   103: $v1   104: $k1   105: $k2   106: $gp   107: $fp   108: $sp   109: $ra   112: $s2   113: $s3   114: $s4   115: $s5   116: $s6   117: $s7   118: $t0   119: $t1   120: $t2   121: $t3   122: $t4   123: $t5   124: $t6   125: $t7   126: $t8   127: $t9   128: $a0   129: $a1   131: $a3   1333: $t1333   1335: $t1335   1337: $t1337
 -> Predecessors:
   100: $0   101: $at   102: $v0   103: $v1   104: $k1   105: $k2   106: $gp   107: $fp   108: $sp   109: $ra   118: $t0   119: $t1   120: $t2   121: $t3   122: $t4   123: $t5   124: $t6   125: $t7   126: $t8   127: $t9   128: $a0   129: $a1   131: $a3

Node: 131: $a3
 -> Successors:
   100: $0   101: $at   102: $v0   103: $v1   104: $k1   105: $k2   106: $gp   107: $fp   108: $sp   109: $ra   112: $s2   113: $s3   114: $s4   115: $s5   116: $s6   117: $s7   118: $t0   119: $t1   120: $t2   121: $t3   122: $t4   123: $t5   124: $t6   125: $t7   126: $t8   127: $t9   128: $a0   129: $a1   130: $a2   1333: $t1333   1335: $t1335   1337: $t1337
 -> Predecessors:
   100: $0   101: $at   102: $v0   103: $v1   104: $k1   105: $k2   106: $gp   107: $fp   108: $sp   109: $ra   118: $t0   119: $t1   120: $t2   121: $t3   122: $t4   123: $t5   124: $t6   125: $t7   126: $t8   127: $t9   128: $a0   129: $a1   130: $a2

Node: 1329: $t1329
 -> Successors:
   100: $0   107: $fp   112: $s2   113: $s3   114: $s4   115: $s5   116: $s6   117: $s7   1333: $t1333
 -> Predecessors:


Node: 1330: $t1330
 -> Successors:
   100: $0   107: $fp   112: $s2   113: $s3   114: $s4   115: $s5   116: $s6   117: $s7   1335: $t1335
 -> Predecessors:


Node: 1331: $t1331
 -> Successors:
   100: $0   101: $at   103: $v1   104: $k1   105: $k2   106: $gp   108: $sp   112: $s2   113: $s3   114: $s4   115: $s5   116: $s6   117: $s7   1337: $t1337
 -> Predecessors:


Node: 1332: $t1332
 -> Successors:
   100: $0   107: $fp   112: $s2   113: $s3   114: $s4   115: $s5   116: $s6   117: $s7   1333: $t1333
 -> Predecessors:


Node: 1333: $t1333
 -> Successors:
   100: $0   112: $s2   113: $s3   114: $s4   115: $s5   116: $s6   117: $s7
 -> Predecessors:
   100: $0   101: $at   102: $v0   103: $v1   104: $k1   105: $k2   106: $gp   107: $fp   108: $sp   109: $ra   118: $t0   119: $t1   120: $t2   121: $t3   122: $t4   123: $t5   124: $t6   125: $t7   126: $t8   127: $t9   128: $a0   129: $a1   130: $a2   131: $a3   1329: $t1329   1332: $t1332   1339: $t1339   1340: $t1340   1341: $t1341

Node: 1334: $t1334
 -> Successors:
   100: $0   107: $fp   112: $s2   113: $s3   114: $s4   115: $s5   116: $s6   117: $s7   1335: $t1335
 -> Predecessors:


Node: 1335: $t1335
 -> Successors:
   100: $0   112: $s2   113: $s3   114: $s4   115: $s5   116: $s6   117: $s7
 -> Predecessors:
   100: $0   101: $at   102: $v0   103: $v1   104: $k1   105: $k2   106: $gp   107: $fp   108: $sp   109: $ra   118: $t0   119: $t1   120: $t2   121: $t3   122: $t4   123: $t5   124: $t6   125: $t7   126: $t8   127: $t9   128: $a0   129: $a1   130: $a2   131: $a3   1330: $t1330   1334: $t1334   1343: $t1343   1344: $t1344   1345: $t1345

Node: 1336: $t1336
 -> Successors:
   100: $0   101: $at   103: $v1   104: $k1   105: $k2   106: $gp   108: $sp   112: $s2   113: $s3   114: $s4   115: $s5   116: $s6   117: $s7   1337: $t1337
 -> Predecessors:


Node: 1337: $t1337
 -> Successors:
   100: $0   112: $s2   113: $s3   114: $s4   115: $s5   116: $s6   117: $s7
 -> Predecessors:
   100: $0   101: $at   102: $v0   103: $v1   104: $k1   105: $k2   106: $gp   107: $fp   108: $sp   109: $ra   118: $t0   119: $t1   120: $t2   121: $t3   122: $t4   123: $t5   124: $t6   125: $t7   126: $t8   127: $t9   128: $a0   129: $a1   130: $a2   131: $a3   1331: $t1331   1336: $t1336   1347: $t1347   1348: $t1348   1349: $t1349

Node: 1338: $t1338
 -> Successors:
   100: $0   112: $s2   113: $s3   114: $s4   115: $s5   116: $s6   117: $s7
 -> Predecessors:


Node: 1339: $t1339
 -> Successors:
   100: $0   112: $s2   113: $s3   114: $s4   115: $s5   116: $s6   117: $s7   1333: $t1333
 -> Predecessors:


Node: 1340: $t1340
 -> Successors:
   112: $s2   113: $s3   114: $s4   115: $s5   116: $s6   117: $s7   128: $a0   1333: $t1333
 -> Predecessors:


Node: 1341: $t1341
 -> Successors:
   100: $0   107: $fp   112: $s2   113: $s3   114: $s4   115: $s5   116: $s6   117: $s7   1333: $t1333
 -> Predecessors:


Node: 1342: $t1342
 -> Successors:
   100: $0   112: $s2   113: $s3   114: $s4   115: $s5   116: $s6   117: $s7
 -> Predecessors:


Node: 1343: $t1343
 -> Successors:
   100: $0   112: $s2   113: $s3   114: $s4   115: $s5   116: $s6   117: $s7   1335: $t1335
 -> Predecessors:


Node: 1344: $t1344
 -> Successors:
   112: $s2   113: $s3   114: $s4   115: $s5   116: $s6   117: $s7   128: $a0   1335: $t1335
 -> Predecessors:


Node: 1345: $t1345
 -> Successors:
   100: $0   107: $fp   112: $s2   113: $s3   114: $s4   115: $s5   116: $s6   117: $s7   1335: $t1335
 -> Predecessors:


Node: 1346: $t1346
 -> Successors:
   100: $0   112: $s2   113: $s3   114: $s4   115: $s5   116: $s6   117: $s7
 -> Predecessors:


Node: 1347: $t1347
 -> Successors:
   100: $0   112: $s2   113: $s3   114: $s4   115: $s5   116: $s6   117: $s7   1337: $t1337
 -> Predecessors:


Node: 1348: $t1348
 -> Successors:
   112: $s2   113: $s3   114: $s4   115: $s5   116: $s6   117: $s7   128: $a0   1337: $t1337
 -> Predecessors:


Node: 1349: $t1349
 -> Successors:
   100: $0   101: $at   103: $v1   104: $k1   105: $k2   106: $gp   108: $sp   112: $s2   113: $s3   114: $s4   115: $s5   116: $s6   117: $s7   1337: $t1337
 -> Predecessors:


Node: 1350: $t1350
 -> Successors:
   100: $0   101: $at   103: $v1   104: $k1   105: $k2   106: $gp   108: $sp   112: $s2   113: $s3   114: $s4   115: $s5   116: $s6   117: $s7
 -> Predecessors:
