

Node: 1487: $0
 -> Successors:
   1488: $at   1489: $v0   1490: $v1   1491: $k1   1492: $k2   1493: $gp   1494: $fp   1495: $sp   1496: $ra   1499: $s2   1500: $s3   1501: $s4   1502: $s5   1503: $s6   1504: $s7   1505: $t0   1506: $t1   1507: $t2   1508: $t3   1509: $t4   1510: $t5   1511: $t6   1512: $t7   1513: $t8   1514: $t9   1515: $a0   1516: $a1   1517: $a2   1518: $a3   1889: $t1889
 -> Predecessors:
   1488: $at   1489: $v0   1490: $v1   1491: $k1   1492: $k2   1493: $gp   1494: $fp   1495: $sp   1496: $ra   1497: $s0   1498: $s1   1505: $t0   1506: $t1   1507: $t2   1508: $t3   1509: $t4   1510: $t5   1511: $t6   1512: $t7   1513: $t8   1514: $t9   1515: $a0   1516: $a1   1517: $a2   1518: $a3   1887: $t1887   1888: $t1888   1889: $t1889   1890: $t1890   1891: $t1891   1893: $t1893   1894: $t1894   1895: $t1895   1896: $t1896   1897: $t1897   1898: $t1898   1899: $t1899   1900: $t1900   1901: $t1901   1902: $t1902   1903: $t1903   1904: $t1904   1905: $t1905   1906: $t1906   1907: $t1907   1908: $t1908   1909: $t1909   1910: $t1910   1911: $t1911   1912: $t1912   1913: $t1913   1914: $t1914   1915: $t1915   1916: $t1916   1917: $t1917   1918: $t1918   1919: $t1919   1920: $t1920   1921: $t1921   1922: $t1922   1923: $t1923   1924: $t1924   1925: $t1925   1926: $t1926   1927: $t1927   1928: $t1928   1929: $t1929   1930: $t1930   1931: $t1931

Node: 1488: $at
 -> Successors:
   1487: $0   1489: $v0   1490: $v1   1491: $k1   1492: $k2   1493: $gp   1494: $fp   1495: $sp   1496: $ra   1499: $s2   1500: $s3   1501: $s4   1502: $s5   1503: $s6   1504: $s7   1505: $t0   1506: $t1   1507: $t2   1508: $t3   1509: $t4   1510: $t5   1511: $t6   1512: $t7   1513: $t8   1514: $t9   1515: $a0   1516: $a1   1517: $a2   1518: $a3   1889: $t1889
 -> Predecessors:
   1487: $0   1489: $v0   1490: $v1   1491: $k1   1492: $k2   1493: $gp   1494: $fp   1495: $sp   1496: $ra   1497: $s0   1498: $s1   1505: $t0   1506: $t1   1507: $t2   1508: $t3   1509: $t4   1510: $t5   1511: $t6   1512: $t7   1513: $t8   1514: $t9   1515: $a0   1516: $a1   1517: $a2   1518: $a3   1887: $t1887   1888: $t1888   1893: $t1893   1894: $t1894   1895: $t1895   1896: $t1896   1897: $t1897   1898: $t1898   1899: $t1899   1900: $t1900   1901: $t1901   1902: $t1902   1903: $t1903   1904: $t1904   1905: $t1905   1906: $t1906   1907: $t1907   1908: $t1908   1909: $t1909   1910: $t1910   1911: $t1911   1912: $t1912   1913: $t1913   1914: $t1914   1915: $t1915   1916: $t1916   1917: $t1917   1918: $t1918   1919: $t1919   1920: $t1920   1921: $t1921   1922: $t1922   1923: $t1923   1924: $t1924   1925: $t1925   1926: $t1926   1927: $t1927   1928: $t1928   1929: $t1929   1930: $t1930   1931: $t1931

Node: 1489: $v0
 -> Successors:
   1487: $0   1488: $at   1490: $v1   1491: $k1   1492: $k2   1493: $gp   1494: $fp   1495: $sp   1496: $ra   1499: $s2   1500: $s3   1501: $s4   1502: $s5   1503: $s6   1504: $s7   1505: $t0   1506: $t1   1507: $t2   1508: $t3   1509: $t4   1510: $t5   1511: $t6   1512: $t7   1513: $t8   1514: $t9   1515: $a0   1516: $a1   1517: $a2   1518: $a3   1889: $t1889
 -> Predecessors:
   1487: $0   1488: $at   1490: $v1   1491: $k1   1492: $k2   1493: $gp   1494: $fp   1495: $sp   1496: $ra   1497: $s0   1498: $s1   1505: $t0   1506: $t1   1507: $t2   1508: $t3   1509: $t4   1510: $t5   1511: $t6   1512: $t7   1513: $t8   1514: $t9   1515: $a0   1516: $a1   1517: $a2   1518: $a3

Node: 1490: $v1
 -> Successors:
   1487: $0   1488: $at   1489: $v0   1491: $k1   1492: $k2   1493: $gp   1494: $fp   1495: $sp   1496: $ra   1499: $s2   1500: $s3   1501: $s4   1502: $s5   1503: $s6   1504: $s7   1505: $t0   1506: $t1   1507: $t2   1508: $t3   1509: $t4   1510: $t5   1511: $t6   1512: $t7   1513: $t8   1514: $t9   1515: $a0   1516: $a1   1517: $a2   1518: $a3   1889: $t1889
 -> Predecessors:
   1487: $0   1488: $at   1489: $v0   1491: $k1   1492: $k2   1493: $gp   1494: $fp   1495: $sp   1496: $ra   1497: $s0   1498: $s1   1505: $t0   1506: $t1   1507: $t2   1508: $t3   1509: $t4   1510: $t5   1511: $t6   1512: $t7   1513: $t8   1514: $t9   1515: $a0   1516: $a1   1517: $a2   1518: $a3   1887: $t1887   1888: $t1888   1893: $t1893   1894: $t1894   1895: $t1895   1896: $t1896   1897: $t1897   1898: $t1898   1899: $t1899   1900: $t1900   1901: $t1901   1902: $t1902   1903: $t1903   1904: $t1904   1905: $t1905   1906: $t1906   1907: $t1907   1908: $t1908   1909: $t1909   1910: $t1910   1911: $t1911   1912: $t1912   1913: $t1913   1914: $t1914   1915: $t1915   1916: $t1916   1917: $t1917   1918: $t1918   1919: $t1919   1920: $t1920   1921: $t1921   1922: $t1922   1923: $t1923   1924: $t1924   1925: $t1925   1926: $t1926   1927: $t1927   1928: $t1928   1929: $t1929   1930: $t1930   1931: $t1931

Node: 1491: $k1
 -> Successors:
   1487: $0   1488: $at   1489: $v0   1490: $v1   1492: $k2   1493: $gp   1494: $fp   1495: $sp   1496: $ra   1499: $s2   1500: $s3   1501: $s4   1502: $s5   1503: $s6   1504: $s7   1505: $t0   1506: $t1   1507: $t2   1508: $t3   1509: $t4   1510: $t5   1511: $t6   1512: $t7   1513: $t8   1514: $t9   1515: $a0   1516: $a1   1517: $a2   1518: $a3   1889: $t1889
 -> Predecessors:
   1487: $0   1488: $at   1489: $v0   1490: $v1   1492: $k2   1493: $gp   1494: $fp   1495: $sp   1496: $ra   1497: $s0   1498: $s1   1505: $t0   1506: $t1   1507: $t2   1508: $t3   1509: $t4   1510: $t5   1511: $t6   1512: $t7   1513: $t8   1514: $t9   1515: $a0   1516: $a1   1517: $a2   1518: $a3   1887: $t1887   1888: $t1888   1893: $t1893   1894: $t1894   1895: $t1895   1896: $t1896   1897: $t1897   1898: $t1898   1899: $t1899   1900: $t1900   1901: $t1901   1902: $t1902   1903: $t1903   1904: $t1904   1905: $t1905   1906: $t1906   1907: $t1907   1908: $t1908   1909: $t1909   1910: $t1910   1911: $t1911   1912: $t1912   1913: $t1913   1914: $t1914   1915: $t1915   1916: $t1916   1917: $t1917   1918: $t1918   1919: $t1919   1920: $t1920   1921: $t1921   1922: $t1922   1923: $t1923   1924: $t1924   1925: $t1925   1926: $t1926   1927: $t1927   1928: $t1928   1929: $t1929   1930: $t1930   1931: $t1931

Node: 1492: $k2
 -> Successors:
   1487: $0   1488: $at   1489: $v0   1490: $v1   1491: $k1   1493: $gp   1494: $fp   1495: $sp   1496: $ra   1499: $s2   1500: $s3   1501: $s4   1502: $s5   1503: $s6   1504: $s7   1505: $t0   1506: $t1   1507: $t2   1508: $t3   1509: $t4   1510: $t5   1511: $t6   1512: $t7   1513: $t8   1514: $t9   1515: $a0   1516: $a1   1517: $a2   1518: $a3   1889: $t1889
 -> Predecessors:
   1487: $0   1488: $at   1489: $v0   1490: $v1   1491: $k1   1493: $gp   1494: $fp   1495: $sp   1496: $ra   1497: $s0   1498: $s1   1505: $t0   1506: $t1   1507: $t2   1508: $t3   1509: $t4   1510: $t5   1511: $t6   1512: $t7   1513: $t8   1514: $t9   1515: $a0   1516: $a1   1517: $a2   1518: $a3   1887: $t1887   1888: $t1888   1893: $t1893   1894: $t1894   1895: $t1895   1896: $t1896   1897: $t1897   1898: $t1898   1899: $t1899   1900: $t1900   1901: $t1901   1902: $t1902   1903: $t1903   1904: $t1904   1905: $t1905   1906: $t1906   1907: $t1907   1908: $t1908   1909: $t1909   1910: $t1910   1911: $t1911   1912: $t1912   1913: $t1913   1914: $t1914   1915: $t1915   1916: $t1916   1917: $t1917   1918: $t1918   1919: $t1919   1920: $t1920   1921: $t1921   1922: $t1922   1923: $t1923   1924: $t1924   1925: $t1925   1926: $t1926   1927: $t1927   1928: $t1928   1929: $t1929   1930: $t1930   1931: $t1931

Node: 1493: $gp
 -> Successors:
   1487: $0   1488: $at   1489: $v0   1490: $v1   1491: $k1   1492: $k2   1494: $fp   1495: $sp   1496: $ra   1499: $s2   1500: $s3   1501: $s4   1502: $s5   1503: $s6   1504: $s7   1505: $t0   1506: $t1   1507: $t2   1508: $t3   1509: $t4   1510: $t5   1511: $t6   1512: $t7   1513: $t8   1514: $t9   1515: $a0   1516: $a1   1517: $a2   1518: $a3   1889: $t1889
 -> Predecessors:
   1487: $0   1488: $at   1489: $v0   1490: $v1   1491: $k1   1492: $k2   1494: $fp   1495: $sp   1496: $ra   1497: $s0   1498: $s1   1505: $t0   1506: $t1   1507: $t2   1508: $t3   1509: $t4   1510: $t5   1511: $t6   1512: $t7   1513: $t8   1514: $t9   1515: $a0   1516: $a1   1517: $a2   1518: $a3   1887: $t1887   1888: $t1888   1893: $t1893   1894: $t1894   1895: $t1895   1896: $t1896   1897: $t1897   1898: $t1898   1899: $t1899   1900: $t1900   1901: $t1901   1902: $t1902   1903: $t1903   1904: $t1904   1905: $t1905   1906: $t1906   1907: $t1907   1908: $t1908   1909: $t1909   1910: $t1910   1911: $t1911   1912: $t1912   1913: $t1913   1914: $t1914   1915: $t1915   1916: $t1916   1917: $t1917   1918: $t1918   1919: $t1919   1920: $t1920   1921: $t1921   1922: $t1922   1923: $t1923   1924: $t1924   1925: $t1925   1926: $t1926   1927: $t1927   1928: $t1928   1929: $t1929   1930: $t1930   1931: $t1931

Node: 1494: $fp
 -> Successors:
   1487: $0   1488: $at   1489: $v0   1490: $v1   1491: $k1   1492: $k2   1493: $gp   1495: $sp   1496: $ra   1499: $s2   1500: $s3   1501: $s4   1502: $s5   1503: $s6   1504: $s7   1505: $t0   1506: $t1   1507: $t2   1508: $t3   1509: $t4   1510: $t5   1511: $t6   1512: $t7   1513: $t8   1514: $t9   1515: $a0   1516: $a1   1517: $a2   1518: $a3   1889: $t1889
 -> Predecessors:
   1487: $0   1488: $at   1489: $v0   1490: $v1   1491: $k1   1492: $k2   1493: $gp   1495: $sp   1496: $ra   1497: $s0   1498: $s1   1505: $t0   1506: $t1   1507: $t2   1508: $t3   1509: $t4   1510: $t5   1511: $t6   1512: $t7   1513: $t8   1514: $t9   1515: $a0   1516: $a1   1517: $a2   1518: $a3   1887: $t1887   1888: $t1888   1893: $t1893   1894: $t1894   1895: $t1895   1896: $t1896   1897: $t1897   1898: $t1898   1899: $t1899   1900: $t1900   1901: $t1901   1902: $t1902   1903: $t1903   1904: $t1904   1905: $t1905   1906: $t1906   1907: $t1907   1908: $t1908   1909: $t1909   1910: $t1910   1911: $t1911   1913: $t1913   1914: $t1914   1915: $t1915   1916: $t1916   1917: $t1917   1918: $t1918   1919: $t1919   1920: $t1920   1921: $t1921   1922: $t1922   1923: $t1923   1924: $t1924   1925: $t1925

Node: 1495: $sp
 -> Successors:
   1487: $0   1488: $at   1489: $v0   1490: $v1   1491: $k1   1492: $k2   1493: $gp   1494: $fp   1496: $ra   1497: $s0   1498: $s1   1499: $s2   1500: $s3   1501: $s4   1502: $s5   1503: $s6   1504: $s7   1505: $t0   1506: $t1   1507: $t2   1508: $t3   1509: $t4   1510: $t5   1511: $t6   1512: $t7   1513: $t8   1514: $t9   1515: $a0   1516: $a1   1517: $a2   1518: $a3   1889: $t1889
 -> Predecessors:
   1487: $0   1488: $at   1489: $v0   1490: $v1   1491: $k1   1492: $k2   1493: $gp   1494: $fp   1496: $ra   1497: $s0   1498: $s1   1505: $t0   1506: $t1   1507: $t2   1508: $t3   1509: $t4   1510: $t5   1511: $t6   1512: $t7   1513: $t8   1514: $t9   1515: $a0   1516: $a1   1517: $a2   1518: $a3   1887: $t1887   1888: $t1888   1893: $t1893   1894: $t1894   1895: $t1895   1896: $t1896   1897: $t1897   1898: $t1898   1899: $t1899   1900: $t1900   1901: $t1901   1902: $t1902   1903: $t1903   1904: $t1904   1905: $t1905   1906: $t1906   1907: $t1907   1908: $t1908   1909: $t1909   1910: $t1910   1911: $t1911   1912: $t1912   1913: $t1913   1914: $t1914   1915: $t1915   1916: $t1916   1917: $t1917   1918: $t1918   1919: $t1919   1920: $t1920   1921: $t1921   1922: $t1922   1923: $t1923   1924: $t1924   1925: $t1925   1926: $t1926   1927: $t1927   1928: $t1928   1929: $t1929   1930: $t1930   1931: $t1931

Node: 1496: $ra
 -> Successors:
   1487: $0   1488: $at   1489: $v0   1490: $v1   1491: $k1   1492: $k2   1493: $gp   1494: $fp   1495: $sp   1499: $s2   1500: $s3   1501: $s4   1502: $s5   1503: $s6   1504: $s7   1505: $t0   1506: $t1   1507: $t2   1508: $t3   1509: $t4   1510: $t5   1511: $t6   1512: $t7   1513: $t8   1514: $t9   1515: $a0   1516: $a1   1517: $a2   1518: $a3   1889: $t1889
 -> Predecessors:
   1487: $0   1488: $at   1489: $v0   1490: $v1   1491: $k1   1492: $k2   1493: $gp   1494: $fp   1495: $sp   1497: $s0   1498: $s1   1505: $t0   1506: $t1   1507: $t2   1508: $t3   1509: $t4   1510: $t5   1511: $t6   1512: $t7   1513: $t8   1514: $t9   1515: $a0   1516: $a1   1517: $a2   1518: $a3

Node: 1497: $s0
 -> Successors:
   1487: $0   1488: $at   1489: $v0   1490: $v1   1491: $k1   1492: $k2   1493: $gp   1494: $fp   1495: $sp   1496: $ra   1499: $s2   1500: $s3   1501: $s4   1502: $s5   1503: $s6   1504: $s7
 -> Predecessors:
   1495: $sp   1498: $s1

Node: 1498: $s1
 -> Successors:
   1487: $0   1488: $at   1489: $v0   1490: $v1   1491: $k1   1492: $k2   1493: $gp   1494: $fp   1495: $sp   1496: $ra   1497: $s0   1499: $s2   1500: $s3   1501: $s4   1502: $s5   1503: $s6   1504: $s7
 -> Predecessors:
   1495: $sp

Node: 1499: $s2
 -> Successors:

 -> Predecessors:
   1487: $0   1488: $at   1489: $v0   1490: $v1   1491: $k1   1492: $k2   1493: $gp   1494: $fp   1495: $sp   1496: $ra   1497: $s0   1498: $s1   1505: $t0   1506: $t1   1507: $t2   1508: $t3   1509: $t4   1510: $t5   1511: $t6   1512: $t7   1513: $t8   1514: $t9   1515: $a0   1516: $a1   1517: $a2   1518: $a3   1887: $t1887   1888: $t1888   1889: $t1889   1890: $t1890   1891: $t1891   1892: $t1892   1893: $t1893   1894: $t1894   1895: $t1895   1896: $t1896   1897: $t1897   1898: $t1898   1899: $t1899   1900: $t1900   1901: $t1901   1902: $t1902   1903: $t1903   1904: $t1904   1905: $t1905   1906: $t1906   1907: $t1907   1908: $t1908   1909: $t1909   1910: $t1910   1911: $t1911   1912: $t1912   1913: $t1913   1914: $t1914   1915: $t1915   1916: $t1916   1917: $t1917   1918: $t1918   1919: $t1919   1920: $t1920   1921: $t1921   1922: $t1922   1923: $t1923   1924: $t1924   1925: $t1925   1926: $t1926   1927: $t1927   1928: $t1928   1929: $t1929   1930: $t1930   1931: $t1931

Node: 1500: $s3
 -> Successors:

 -> Predecessors:
   1487: $0   1488: $at   1489: $v0   1490: $v1   1491: $k1   1492: $k2   1493: $gp   1494: $fp   1495: $sp   1496: $ra   1497: $s0   1498: $s1   1505: $t0   1506: $t1   1507: $t2   1508: $t3   1509: $t4   1510: $t5   1511: $t6   1512: $t7   1513: $t8   1514: $t9   1515: $a0   1516: $a1   1517: $a2   1518: $a3   1887: $t1887   1888: $t1888   1889: $t1889   1890: $t1890   1891: $t1891   1892: $t1892   1893: $t1893   1894: $t1894   1895: $t1895   1896: $t1896   1897: $t1897   1898: $t1898   1899: $t1899   1900: $t1900   1901: $t1901   1902: $t1902   1903: $t1903   1904: $t1904   1905: $t1905   1906: $t1906   1907: $t1907   1908: $t1908   1909: $t1909   1910: $t1910   1911: $t1911   1912: $t1912   1913: $t1913   1914: $t1914   1915: $t1915   1916: $t1916   1917: $t1917   1918: $t1918   1919: $t1919   1920: $t1920   1921: $t1921   1922: $t1922   1923: $t1923   1924: $t1924   1925: $t1925   1926: $t1926   1927: $t1927   1928: $t1928   1929: $t1929   1930: $t1930   1931: $t1931

Node: 1501: $s4
 -> Successors:

 -> Predecessors:
   1487: $0   1488: $at   1489: $v0   1490: $v1   1491: $k1   1492: $k2   1493: $gp   1494: $fp   1495: $sp   1496: $ra   1497: $s0   1498: $s1   1505: $t0   1506: $t1   1507: $t2   1508: $t3   1509: $t4   1510: $t5   1511: $t6   1512: $t7   1513: $t8   1514: $t9   1515: $a0   1516: $a1   1517: $a2   1518: $a3   1887: $t1887   1888: $t1888   1889: $t1889   1890: $t1890   1891: $t1891   1892: $t1892   1893: $t1893   1894: $t1894   1895: $t1895   1896: $t1896   1897: $t1897   1898: $t1898   1899: $t1899   1900: $t1900   1901: $t1901   1902: $t1902   1903: $t1903   1904: $t1904   1905: $t1905   1906: $t1906   1907: $t1907   1908: $t1908   1909: $t1909   1910: $t1910   1911: $t1911   1912: $t1912   1913: $t1913   1914: $t1914   1915: $t1915   1916: $t1916   1917: $t1917   1918: $t1918   1919: $t1919   1920: $t1920   1921: $t1921   1922: $t1922   1923: $t1923   1924: $t1924   1925: $t1925   1926: $t1926   1927: $t1927   1928: $t1928   1929: $t1929   1930: $t1930   1931: $t1931

Node: 1502: $s5
 -> Successors:

 -> Predecessors:
   1487: $0   1488: $at   1489: $v0   1490: $v1   1491: $k1   1492: $k2   1493: $gp   1494: $fp   1495: $sp   1496: $ra   1497: $s0   1498: $s1   1505: $t0   1506: $t1   1507: $t2   1508: $t3   1509: $t4   1510: $t5   1511: $t6   1512: $t7   1513: $t8   1514: $t9   1515: $a0   1516: $a1   1517: $a2   1518: $a3   1887: $t1887   1888: $t1888   1889: $t1889   1890: $t1890   1891: $t1891   1892: $t1892   1893: $t1893   1894: $t1894   1895: $t1895   1896: $t1896   1897: $t1897   1898: $t1898   1899: $t1899   1900: $t1900   1901: $t1901   1902: $t1902   1903: $t1903   1904: $t1904   1905: $t1905   1906: $t1906   1907: $t1907   1908: $t1908   1909: $t1909   1910: $t1910   1911: $t1911   1912: $t1912   1913: $t1913   1914: $t1914   1915: $t1915   1916: $t1916   1917: $t1917   1918: $t1918   1919: $t1919   1920: $t1920   1921: $t1921   1922: $t1922   1923: $t1923   1924: $t1924   1925: $t1925   1926: $t1926   1927: $t1927   1928: $t1928   1929: $t1929   1930: $t1930   1931: $t1931

Node: 1503: $s6
 -> Successors:

 -> Predecessors:
   1487: $0   1488: $at   1489: $v0   1490: $v1   1491: $k1   1492: $k2   1493: $gp   1494: $fp   1495: $sp   1496: $ra   1497: $s0   1498: $s1   1505: $t0   1506: $t1   1507: $t2   1508: $t3   1509: $t4   1510: $t5   1511: $t6   1512: $t7   1513: $t8   1514: $t9   1515: $a0   1516: $a1   1517: $a2   1518: $a3   1887: $t1887   1888: $t1888   1889: $t1889   1890: $t1890   1891: $t1891   1892: $t1892   1893: $t1893   1894: $t1894   1895: $t1895   1896: $t1896   1897: $t1897   1898: $t1898   1899: $t1899   1900: $t1900   1901: $t1901   1902: $t1902   1903: $t1903   1904: $t1904   1905: $t1905   1906: $t1906   1907: $t1907   1908: $t1908   1909: $t1909   1910: $t1910   1911: $t1911   1912: $t1912   1913: $t1913   1914: $t1914   1915: $t1915   1916: $t1916   1917: $t1917   1918: $t1918   1919: $t1919   1920: $t1920   1921: $t1921   1922: $t1922   1923: $t1923   1924: $t1924   1925: $t1925   1926: $t1926   1927: $t1927   1928: $t1928   1929: $t1929   1930: $t1930   1931: $t1931

Node: 1504: $s7
 -> Successors:

 -> Predecessors:
   1487: $0   1488: $at   1489: $v0   1490: $v1   1491: $k1   1492: $k2   1493: $gp   1494: $fp   1495: $sp   1496: $ra   1497: $s0   1498: $s1   1505: $t0   1506: $t1   1507: $t2   1508: $t3   1509: $t4   1510: $t5   1511: $t6   1512: $t7   1513: $t8   1514: $t9   1515: $a0   1516: $a1   1517: $a2   1518: $a3   1887: $t1887   1888: $t1888   1889: $t1889   1890: $t1890   1891: $t1891   1892: $t1892   1893: $t1893   1894: $t1894   1895: $t1895   1896: $t1896   1897: $t1897   1898: $t1898   1899: $t1899   1900: $t1900   1901: $t1901   1902: $t1902   1903: $t1903   1904: $t1904   1905: $t1905   1906: $t1906   1907: $t1907   1908: $t1908   1909: $t1909   1910: $t1910   1911: $t1911   1912: $t1912   1913: $t1913   1914: $t1914   1915: $t1915   1916: $t1916   1917: $t1917   1918: $t1918   1919: $t1919   1920: $t1920   1921: $t1921   1922: $t1922   1923: $t1923   1924: $t1924   1925: $t1925   1926: $t1926   1927: $t1927   1928: $t1928   1929: $t1929   1930: $t1930   1931: $t1931

Node: 1505: $t0
 -> Successors:
   1487: $0   1488: $at   1489: $v0   1490: $v1   1491: $k1   1492: $k2   1493: $gp   1494: $fp   1495: $sp   1496: $ra   1499: $s2   1500: $s3   1501: $s4   1502: $s5   1503: $s6   1504: $s7   1506: $t1   1507: $t2   1508: $t3   1509: $t4   1510: $t5   1511: $t6   1512: $t7   1513: $t8   1514: $t9   1515: $a0   1516: $a1   1517: $a2   1518: $a3   1889: $t1889
 -> Predecessors:
   1487: $0   1488: $at   1489: $v0   1490: $v1   1491: $k1   1492: $k2   1493: $gp   1494: $fp   1495: $sp   1496: $ra   1506: $t1   1507: $t2   1508: $t3   1509: $t4   1510: $t5   1511: $t6   1512: $t7   1513: $t8   1514: $t9   1515: $a0   1516: $a1   1517: $a2   1518: $a3

Node: 1506: $t1
 -> Successors:
   1487: $0   1488: $at   1489: $v0   1490: $v1   1491: $k1   1492: $k2   1493: $gp   1494: $fp   1495: $sp   1496: $ra   1499: $s2   1500: $s3   1501: $s4   1502: $s5   1503: $s6   1504: $s7   1505: $t0   1507: $t2   1508: $t3   1509: $t4   1510: $t5   1511: $t6   1512: $t7   1513: $t8   1514: $t9   1515: $a0   1516: $a1   1517: $a2   1518: $a3   1889: $t1889
 -> Predecessors:
   1487: $0   1488: $at   1489: $v0   1490: $v1   1491: $k1   1492: $k2   1493: $gp   1494: $fp   1495: $sp   1496: $ra   1505: $t0   1507: $t2   1508: $t3   1509: $t4   1510: $t5   1511: $t6   1512: $t7   1513: $t8   1514: $t9   1515: $a0   1516: $a1   1517: $a2   1518: $a3

Node: 1507: $t2
 -> Successors:
   1487: $0   1488: $at   1489: $v0   1490: $v1   1491: $k1   1492: $k2   1493: $gp   1494: $fp   1495: $sp   1496: $ra   1499: $s2   1500: $s3   1501: $s4   1502: $s5   1503: $s6   1504: $s7   1505: $t0   1506: $t1   1508: $t3   1509: $t4   1510: $t5   1511: $t6   1512: $t7   1513: $t8   1514: $t9   1515: $a0   1516: $a1   1517: $a2   1518: $a3   1889: $t1889
 -> Predecessors:
   1487: $0   1488: $at   1489: $v0   1490: $v1   1491: $k1   1492: $k2   1493: $gp   1494: $fp   1495: $sp   1496: $ra   1505: $t0   1506: $t1   1508: $t3   1509: $t4   1510: $t5   1511: $t6   1512: $t7   1513: $t8   1514: $t9   1515: $a0   1516: $a1   1517: $a2   1518: $a3

Node: 1508: $t3
 -> Successors:
   1487: $0   1488: $at   1489: $v0   1490: $v1   1491: $k1   1492: $k2   1493: $gp   1494: $fp   1495: $sp   1496: $ra   1499: $s2   1500: $s3   1501: $s4   1502: $s5   1503: $s6   1504: $s7   1505: $t0   1506: $t1   1507: $t2   1509: $t4   1510: $t5   1511: $t6   1512: $t7   1513: $t8   1514: $t9   1515: $a0   1516: $a1   1517: $a2   1518: $a3   1889: $t1889
 -> Predecessors:
   1487: $0   1488: $at   1489: $v0   1490: $v1   1491: $k1   1492: $k2   1493: $gp   1494: $fp   1495: $sp   1496: $ra   1505: $t0   1506: $t1   1507: $t2   1509: $t4   1510: $t5   1511: $t6   1512: $t7   1513: $t8   1514: $t9   1515: $a0   1516: $a1   1517: $a2   1518: $a3

Node: 1509: $t4
 -> Successors:
   1487: $0   1488: $at   1489: $v0   1490: $v1   1491: $k1   1492: $k2   1493: $gp   1494: $fp   1495: $sp   1496: $ra   1499: $s2   1500: $s3   1501: $s4   1502: $s5   1503: $s6   1504: $s7   1505: $t0   1506: $t1   1507: $t2   1508: $t3   1510: $t5   1511: $t6   1512: $t7   1513: $t8   1514: $t9   1515: $a0   1516: $a1   1517: $a2   1518: $a3   1889: $t1889
 -> Predecessors:
   1487: $0   1488: $at   1489: $v0   1490: $v1   1491: $k1   1492: $k2   1493: $gp   1494: $fp   1495: $sp   1496: $ra   1505: $t0   1506: $t1   1507: $t2   1508: $t3   1510: $t5   1511: $t6   1512: $t7   1513: $t8   1514: $t9   1515: $a0   1516: $a1   1517: $a2   1518: $a3

Node: 1510: $t5
 -> Successors:
   1487: $0   1488: $at   1489: $v0   1490: $v1   1491: $k1   1492: $k2   1493: $gp   1494: $fp   1495: $sp   1496: $ra   1499: $s2   1500: $s3   1501: $s4   1502: $s5   1503: $s6   1504: $s7   1505: $t0   1506: $t1   1507: $t2   1508: $t3   1509: $t4   1511: $t6   1512: $t7   1513: $t8   1514: $t9   1515: $a0   1516: $a1   1517: $a2   1518: $a3   1889: $t1889
 -> Predecessors:
   1487: $0   1488: $at   1489: $v0   1490: $v1   1491: $k1   1492: $k2   1493: $gp   1494: $fp   1495: $sp   1496: $ra   1505: $t0   1506: $t1   1507: $t2   1508: $t3   1509: $t4   1511: $t6   1512: $t7   1513: $t8   1514: $t9   1515: $a0   1516: $a1   1517: $a2   1518: $a3

Node: 1511: $t6
 -> Successors:
   1487: $0   1488: $at   1489: $v0   1490: $v1   1491: $k1   1492: $k2   1493: $gp   1494: $fp   1495: $sp   1496: $ra   1499: $s2   1500: $s3   1501: $s4   1502: $s5   1503: $s6   1504: $s7   1505: $t0   1506: $t1   1507: $t2   1508: $t3   1509: $t4   1510: $t5   1512: $t7   1513: $t8   1514: $t9   1515: $a0   1516: $a1   1517: $a2   1518: $a3   1889: $t1889
 -> Predecessors:
   1487: $0   1488: $at   1489: $v0   1490: $v1   1491: $k1   1492: $k2   1493: $gp   1494: $fp   1495: $sp   1496: $ra   1505: $t0   1506: $t1   1507: $t2   1508: $t3   1509: $t4   1510: $t5   1512: $t7   1513: $t8   1514: $t9   1515: $a0   1516: $a1   1517: $a2   1518: $a3

Node: 1512: $t7
 -> Successors:
   1487: $0   1488: $at   1489: $v0   1490: $v1   1491: $k1   1492: $k2   1493: $gp   1494: $fp   1495: $sp   1496: $ra   1499: $s2   1500: $s3   1501: $s4   1502: $s5   1503: $s6   1504: $s7   1505: $t0   1506: $t1   1507: $t2   1508: $t3   1509: $t4   1510: $t5   1511: $t6   1513: $t8   1514: $t9   1515: $a0   1516: $a1   1517: $a2   1518: $a3   1889: $t1889
 -> Predecessors:
   1487: $0   1488: $at   1489: $v0   1490: $v1   1491: $k1   1492: $k2   1493: $gp   1494: $fp   1495: $sp   1496: $ra   1505: $t0   1506: $t1   1507: $t2   1508: $t3   1509: $t4   1510: $t5   1511: $t6   1513: $t8   1514: $t9   1515: $a0   1516: $a1   1517: $a2   1518: $a3

Node: 1513: $t8
 -> Successors:
   1487: $0   1488: $at   1489: $v0   1490: $v1   1491: $k1   1492: $k2   1493: $gp   1494: $fp   1495: $sp   1496: $ra   1499: $s2   1500: $s3   1501: $s4   1502: $s5   1503: $s6   1504: $s7   1505: $t0   1506: $t1   1507: $t2   1508: $t3   1509: $t4   1510: $t5   1511: $t6   1512: $t7   1514: $t9   1515: $a0   1516: $a1   1517: $a2   1518: $a3   1889: $t1889
 -> Predecessors:
   1487: $0   1488: $at   1489: $v0   1490: $v1   1491: $k1   1492: $k2   1493: $gp   1494: $fp   1495: $sp   1496: $ra   1505: $t0   1506: $t1   1507: $t2   1508: $t3   1509: $t4   1510: $t5   1511: $t6   1512: $t7   1514: $t9   1515: $a0   1516: $a1   1517: $a2   1518: $a3

Node: 1514: $t9
 -> Successors:
   1487: $0   1488: $at   1489: $v0   1490: $v1   1491: $k1   1492: $k2   1493: $gp   1494: $fp   1495: $sp   1496: $ra   1499: $s2   1500: $s3   1501: $s4   1502: $s5   1503: $s6   1504: $s7   1505: $t0   1506: $t1   1507: $t2   1508: $t3   1509: $t4   1510: $t5   1511: $t6   1512: $t7   1513: $t8   1515: $a0   1516: $a1   1517: $a2   1518: $a3   1889: $t1889
 -> Predecessors:
   1487: $0   1488: $at   1489: $v0   1490: $v1   1491: $k1   1492: $k2   1493: $gp   1494: $fp   1495: $sp   1496: $ra   1505: $t0   1506: $t1   1507: $t2   1508: $t3   1509: $t4   1510: $t5   1511: $t6   1512: $t7   1513: $t8   1515: $a0   1516: $a1   1517: $a2   1518: $a3

Node: 1515: $a0
 -> Successors:
   1487: $0   1488: $at   1489: $v0   1490: $v1   1491: $k1   1492: $k2   1493: $gp   1494: $fp   1495: $sp   1496: $ra   1499: $s2   1500: $s3   1501: $s4   1502: $s5   1503: $s6   1504: $s7   1505: $t0   1506: $t1   1507: $t2   1508: $t3   1509: $t4   1510: $t5   1511: $t6   1512: $t7   1513: $t8   1514: $t9   1516: $a1   1517: $a2   1518: $a3   1889: $t1889
 -> Predecessors:
   1487: $0   1488: $at   1489: $v0   1490: $v1   1491: $k1   1492: $k2   1493: $gp   1494: $fp   1495: $sp   1496: $ra   1505: $t0   1506: $t1   1507: $t2   1508: $t3   1509: $t4   1510: $t5   1511: $t6   1512: $t7   1513: $t8   1514: $t9   1516: $a1   1517: $a2   1518: $a3   1892: $t1892

Node: 1516: $a1
 -> Successors:
   1487: $0   1488: $at   1489: $v0   1490: $v1   1491: $k1   1492: $k2   1493: $gp   1494: $fp   1495: $sp   1496: $ra   1499: $s2   1500: $s3   1501: $s4   1502: $s5   1503: $s6   1504: $s7   1505: $t0   1506: $t1   1507: $t2   1508: $t3   1509: $t4   1510: $t5   1511: $t6   1512: $t7   1513: $t8   1514: $t9   1515: $a0   1517: $a2   1518: $a3   1889: $t1889
 -> Predecessors:
   1487: $0   1488: $at   1489: $v0   1490: $v1   1491: $k1   1492: $k2   1493: $gp   1494: $fp   1495: $sp   1496: $ra   1505: $t0   1506: $t1   1507: $t2   1508: $t3   1509: $t4   1510: $t5   1511: $t6   1512: $t7   1513: $t8   1514: $t9   1515: $a0   1517: $a2   1518: $a3

Node: 1517: $a2
 -> Successors:
   1487: $0   1488: $at   1489: $v0   1490: $v1   1491: $k1   1492: $k2   1493: $gp   1494: $fp   1495: $sp   1496: $ra   1499: $s2   1500: $s3   1501: $s4   1502: $s5   1503: $s6   1504: $s7   1505: $t0   1506: $t1   1507: $t2   1508: $t3   1509: $t4   1510: $t5   1511: $t6   1512: $t7   1513: $t8   1514: $t9   1515: $a0   1516: $a1   1518: $a3   1889: $t1889
 -> Predecessors:
   1487: $0   1488: $at   1489: $v0   1490: $v1   1491: $k1   1492: $k2   1493: $gp   1494: $fp   1495: $sp   1496: $ra   1505: $t0   1506: $t1   1507: $t2   1508: $t3   1509: $t4   1510: $t5   1511: $t6   1512: $t7   1513: $t8   1514: $t9   1515: $a0   1516: $a1   1518: $a3

Node: 1518: $a3
 -> Successors:
   1487: $0   1488: $at   1489: $v0   1490: $v1   1491: $k1   1492: $k2   1493: $gp   1494: $fp   1495: $sp   1496: $ra   1499: $s2   1500: $s3   1501: $s4   1502: $s5   1503: $s6   1504: $s7   1505: $t0   1506: $t1   1507: $t2   1508: $t3   1509: $t4   1510: $t5   1511: $t6   1512: $t7   1513: $t8   1514: $t9   1515: $a0   1516: $a1   1517: $a2   1889: $t1889
 -> Predecessors:
   1487: $0   1488: $at   1489: $v0   1490: $v1   1491: $k1   1492: $k2   1493: $gp   1494: $fp   1495: $sp   1496: $ra   1505: $t0   1506: $t1   1507: $t2   1508: $t3   1509: $t4   1510: $t5   1511: $t6   1512: $t7   1513: $t8   1514: $t9   1515: $a0   1516: $a1   1517: $a2

Node: 1887: $t1887
 -> Successors:
   1487: $0   1488: $at   1490: $v1   1491: $k1   1492: $k2   1493: $gp   1494: $fp   1495: $sp   1499: $s2   1500: $s3   1501: $s4   1502: $s5   1503: $s6   1504: $s7   1889: $t1889
 -> Predecessors:


Node: 1888: $t1888
 -> Successors:
   1487: $0   1488: $at   1490: $v1   1491: $k1   1492: $k2   1493: $gp   1494: $fp   1495: $sp   1499: $s2   1500: $s3   1501: $s4   1502: $s5   1503: $s6   1504: $s7   1889: $t1889
 -> Predecessors:


Node: 1889: $t1889
 -> Successors:
   1487: $0   1499: $s2   1500: $s3   1501: $s4   1502: $s5   1503: $s6   1504: $s7
 -> Predecessors:
   1487: $0   1488: $at   1489: $v0   1490: $v1   1491: $k1   1492: $k2   1493: $gp   1494: $fp   1495: $sp   1496: $ra   1505: $t0   1506: $t1   1507: $t2   1508: $t3   1509: $t4   1510: $t5   1511: $t6   1512: $t7   1513: $t8   1514: $t9   1515: $a0   1516: $a1   1517: $a2   1518: $a3   1887: $t1887   1888: $t1888   1891: $t1891   1892: $t1892   1893: $t1893

Node: 1890: $t1890
 -> Successors:
   1487: $0   1499: $s2   1500: $s3   1501: $s4   1502: $s5   1503: $s6   1504: $s7
 -> Predecessors:


Node: 1891: $t1891
 -> Successors:
   1487: $0   1499: $s2   1500: $s3   1501: $s4   1502: $s5   1503: $s6   1504: $s7   1889: $t1889
 -> Predecessors:


Node: 1892: $t1892
 -> Successors:
   1499: $s2   1500: $s3   1501: $s4   1502: $s5   1503: $s6   1504: $s7   1515: $a0   1889: $t1889
 -> Predecessors:


Node: 1893: $t1893
 -> Successors:
   1487: $0   1488: $at   1490: $v1   1491: $k1   1492: $k2   1493: $gp   1494: $fp   1495: $sp   1499: $s2   1500: $s3   1501: $s4   1502: $s5   1503: $s6   1504: $s7   1889: $t1889
 -> Predecessors:


Node: 1894: $t1894
 -> Successors:
   1487: $0   1488: $at   1490: $v1   1491: $k1   1492: $k2   1493: $gp   1494: $fp   1495: $sp   1499: $s2   1500: $s3   1501: $s4   1502: $s5   1503: $s6   1504: $s7
 -> Predecessors:
   1899: $t1899

Node: 1895: $t1895
 -> Successors:
   1487: $0   1488: $at   1490: $v1   1491: $k1   1492: $k2   1493: $gp   1494: $fp   1495: $sp   1499: $s2   1500: $s3   1501: $s4   1502: $s5   1503: $s6   1504: $s7
 -> Predecessors:
   1896: $t1896   1897: $t1897   1898: $t1898

Node: 1896: $t1896
 -> Successors:
   1487: $0   1488: $at   1490: $v1   1491: $k1   1492: $k2   1493: $gp   1494: $fp   1495: $sp   1499: $s2   1500: $s3   1501: $s4   1502: $s5   1503: $s6   1504: $s7   1895: $t1895
 -> Predecessors:


Node: 1897: $t1897
 -> Successors:
   1487: $0   1488: $at   1490: $v1   1491: $k1   1492: $k2   1493: $gp   1494: $fp   1495: $sp   1499: $s2   1500: $s3   1501: $s4   1502: $s5   1503: $s6   1504: $s7   1895: $t1895
 -> Predecessors:
   1898: $t1898

Node: 1898: $t1898
 -> Successors:
   1487: $0   1488: $at   1490: $v1   1491: $k1   1492: $k2   1493: $gp   1494: $fp   1495: $sp   1499: $s2   1500: $s3   1501: $s4   1502: $s5   1503: $s6   1504: $s7   1895: $t1895   1897: $t1897
 -> Predecessors:


Node: 1899: $t1899
 -> Successors:
   1487: $0   1488: $at   1490: $v1   1491: $k1   1492: $k2   1493: $gp   1494: $fp   1495: $sp   1499: $s2   1500: $s3   1501: $s4   1502: $s5   1503: $s6   1504: $s7   1894: $t1894
 -> Predecessors:


Node: 1900: $t1900
 -> Successors:
   1487: $0   1488: $at   1490: $v1   1491: $k1   1492: $k2   1493: $gp   1494: $fp   1495: $sp   1499: $s2   1500: $s3   1501: $s4   1502: $s5   1503: $s6   1504: $s7
 -> Predecessors:
   1905: $t1905   1906: $t1906   1907: $t1907   1908: $t1908   1909: $t1909   1910: $t1910   1911: $t1911

Node: 1901: $t1901
 -> Successors:
   1487: $0   1488: $at   1490: $v1   1491: $k1   1492: $k2   1493: $gp   1494: $fp   1495: $sp   1499: $s2   1500: $s3   1501: $s4   1502: $s5   1503: $s6   1504: $s7
 -> Predecessors:
   1902: $t1902   1903: $t1903   1904: $t1904

Node: 1902: $t1902
 -> Successors:
   1487: $0   1488: $at   1490: $v1   1491: $k1   1492: $k2   1493: $gp   1494: $fp   1495: $sp   1499: $s2   1500: $s3   1501: $s4   1502: $s5   1503: $s6   1504: $s7   1901: $t1901
 -> Predecessors:


Node: 1903: $t1903
 -> Successors:
   1487: $0   1488: $at   1490: $v1   1491: $k1   1492: $k2   1493: $gp   1494: $fp   1495: $sp   1499: $s2   1500: $s3   1501: $s4   1502: $s5   1503: $s6   1504: $s7   1901: $t1901
 -> Predecessors:
   1904: $t1904

Node: 1904: $t1904
 -> Successors:
   1487: $0   1488: $at   1490: $v1   1491: $k1   1492: $k2   1493: $gp   1494: $fp   1495: $sp   1499: $s2   1500: $s3   1501: $s4   1502: $s5   1503: $s6   1504: $s7   1901: $t1901   1903: $t1903
 -> Predecessors:


Node: 1905: $t1905
 -> Successors:
   1487: $0   1488: $at   1490: $v1   1491: $k1   1492: $k2   1493: $gp   1494: $fp   1495: $sp   1499: $s2   1500: $s3   1501: $s4   1502: $s5   1503: $s6   1504: $s7   1900: $t1900
 -> Predecessors:


Node: 1906: $t1906
 -> Successors:
   1487: $0   1488: $at   1490: $v1   1491: $k1   1492: $k2   1493: $gp   1494: $fp   1495: $sp   1499: $s2   1500: $s3   1501: $s4   1502: $s5   1503: $s6   1504: $s7   1900: $t1900
 -> Predecessors:


Node: 1907: $t1907
 -> Successors:
   1487: $0   1488: $at   1490: $v1   1491: $k1   1492: $k2   1493: $gp   1494: $fp   1495: $sp   1499: $s2   1500: $s3   1501: $s4   1502: $s5   1503: $s6   1504: $s7   1900: $t1900
 -> Predecessors:


Node: 1908: $t1908
 -> Successors:
   1487: $0   1488: $at   1490: $v1   1491: $k1   1492: $k2   1493: $gp   1494: $fp   1495: $sp   1499: $s2   1500: $s3   1501: $s4   1502: $s5   1503: $s6   1504: $s7   1900: $t1900
 -> Predecessors:
   1909: $t1909   1910: $t1910   1911: $t1911

Node: 1909: $t1909
 -> Successors:
   1487: $0   1488: $at   1490: $v1   1491: $k1   1492: $k2   1493: $gp   1494: $fp   1495: $sp   1499: $s2   1500: $s3   1501: $s4   1502: $s5   1503: $s6   1504: $s7   1900: $t1900   1908: $t1908
 -> Predecessors:


Node: 1910: $t1910
 -> Successors:
   1487: $0   1488: $at   1490: $v1   1491: $k1   1492: $k2   1493: $gp   1494: $fp   1495: $sp   1499: $s2   1500: $s3   1501: $s4   1502: $s5   1503: $s6   1504: $s7   1900: $t1900   1908: $t1908
 -> Predecessors:
   1911: $t1911

Node: 1911: $t1911
 -> Successors:
   1487: $0   1488: $at   1490: $v1   1491: $k1   1492: $k2   1493: $gp   1494: $fp   1495: $sp   1499: $s2   1500: $s3   1501: $s4   1502: $s5   1503: $s6   1504: $s7   1900: $t1900   1908: $t1908   1910: $t1910
 -> Predecessors:


Node: 1912: $t1912
 -> Successors:
   1487: $0   1488: $at   1490: $v1   1491: $k1   1492: $k2   1493: $gp   1495: $sp   1499: $s2   1500: $s3   1501: $s4   1502: $s5   1503: $s6   1504: $s7
 -> Predecessors:


Node: 1913: $t1913
 -> Successors:
   1487: $0   1488: $at   1490: $v1   1491: $k1   1492: $k2   1493: $gp   1494: $fp   1495: $sp   1499: $s2   1500: $s3   1501: $s4   1502: $s5   1503: $s6   1504: $s7
 -> Predecessors:
   1926: $t1926   1927: $t1927   1928: $t1928   1929: $t1929   1930: $t1930   1931: $t1931

Node: 1914: $t1914
 -> Successors:
   1487: $0   1488: $at   1490: $v1   1491: $k1   1492: $k2   1493: $gp   1494: $fp   1495: $sp   1499: $s2   1500: $s3   1501: $s4   1502: $s5   1503: $s6   1504: $s7
 -> Predecessors:
   1920: $t1920   1921: $t1921   1922: $t1922   1923: $t1923   1924: $t1924   1925: $t1925

Node: 1915: $t1915
 -> Successors:
   1487: $0   1488: $at   1490: $v1   1491: $k1   1492: $k2   1493: $gp   1494: $fp   1495: $sp   1499: $s2   1500: $s3   1501: $s4   1502: $s5   1503: $s6   1504: $s7
 -> Predecessors:


Node: 1916: $t1916
 -> Successors:
   1487: $0   1488: $at   1490: $v1   1491: $k1   1492: $k2   1493: $gp   1494: $fp   1495: $sp   1499: $s2   1500: $s3   1501: $s4   1502: $s5   1503: $s6   1504: $s7
 -> Predecessors:
   1917: $t1917   1918: $t1918   1919: $t1919

Node: 1917: $t1917
 -> Successors:
   1487: $0   1488: $at   1490: $v1   1491: $k1   1492: $k2   1493: $gp   1494: $fp   1495: $sp   1499: $s2   1500: $s3   1501: $s4   1502: $s5   1503: $s6   1504: $s7   1916: $t1916
 -> Predecessors:


Node: 1918: $t1918
 -> Successors:
   1487: $0   1488: $at   1490: $v1   1491: $k1   1492: $k2   1493: $gp   1494: $fp   1495: $sp   1499: $s2   1500: $s3   1501: $s4   1502: $s5   1503: $s6   1504: $s7   1916: $t1916
 -> Predecessors:
   1919: $t1919

Node: 1919: $t1919
 -> Successors:
   1487: $0   1488: $at   1490: $v1   1491: $k1   1492: $k2   1493: $gp   1494: $fp   1495: $sp   1499: $s2   1500: $s3   1501: $s4   1502: $s5   1503: $s6   1504: $s7   1916: $t1916   1918: $t1918
 -> Predecessors:


Node: 1920: $t1920
 -> Successors:
   1487: $0   1488: $at   1490: $v1   1491: $k1   1492: $k2   1493: $gp   1494: $fp   1495: $sp   1499: $s2   1500: $s3   1501: $s4   1502: $s5   1503: $s6   1504: $s7   1914: $t1914
 -> Predecessors:


Node: 1921: $t1921
 -> Successors:
   1487: $0   1488: $at   1490: $v1   1491: $k1   1492: $k2   1493: $gp   1494: $fp   1495: $sp   1499: $s2   1500: $s3   1501: $s4   1502: $s5   1503: $s6   1504: $s7   1914: $t1914
 -> Predecessors:


Node: 1922: $t1922
 -> Successors:
   1487: $0   1488: $at   1490: $v1   1491: $k1   1492: $k2   1493: $gp   1494: $fp   1495: $sp   1499: $s2   1500: $s3   1501: $s4   1502: $s5   1503: $s6   1504: $s7   1914: $t1914
 -> Predecessors:
   1923: $t1923   1924: $t1924   1925: $t1925

Node: 1923: $t1923
 -> Successors:
   1487: $0   1488: $at   1490: $v1   1491: $k1   1492: $k2   1493: $gp   1494: $fp   1495: $sp   1499: $s2   1500: $s3   1501: $s4   1502: $s5   1503: $s6   1504: $s7   1914: $t1914   1922: $t1922
 -> Predecessors:


Node: 1924: $t1924
 -> Successors:
   1487: $0   1488: $at   1490: $v1   1491: $k1   1492: $k2   1493: $gp   1494: $fp   1495: $sp   1499: $s2   1500: $s3   1501: $s4   1502: $s5   1503: $s6   1504: $s7   1914: $t1914   1922: $t1922
 -> Predecessors:
   1925: $t1925

Node: 1925: $t1925
 -> Successors:
   1487: $0   1488: $at   1490: $v1   1491: $k1   1492: $k2   1493: $gp   1494: $fp   1495: $sp   1499: $s2   1500: $s3   1501: $s4   1502: $s5   1503: $s6   1504: $s7   1914: $t1914   1922: $t1922   1924: $t1924
 -> Predecessors:


Node: 1926: $t1926
 -> Successors:
   1487: $0   1488: $at   1490: $v1   1491: $k1   1492: $k2   1493: $gp   1495: $sp   1499: $s2   1500: $s3   1501: $s4   1502: $s5   1503: $s6   1504: $s7   1913: $t1913
 -> Predecessors:


Node: 1927: $t1927
 -> Successors:
   1487: $0   1488: $at   1490: $v1   1491: $k1   1492: $k2   1493: $gp   1495: $sp   1499: $s2   1500: $s3   1501: $s4   1502: $s5   1503: $s6   1504: $s7   1913: $t1913
 -> Predecessors:


Node: 1928: $t1928
 -> Successors:
   1487: $0   1488: $at   1490: $v1   1491: $k1   1492: $k2   1493: $gp   1495: $sp   1499: $s2   1500: $s3   1501: $s4   1502: $s5   1503: $s6   1504: $s7   1913: $t1913
 -> Predecessors:
   1929: $t1929   1930: $t1930   1931: $t1931

Node: 1929: $t1929
 -> Successors:
   1487: $0   1488: $at   1490: $v1   1491: $k1   1492: $k2   1493: $gp   1495: $sp   1499: $s2   1500: $s3   1501: $s4   1502: $s5   1503: $s6   1504: $s7   1913: $t1913   1928: $t1928
 -> Predecessors:


Node: 1930: $t1930
 -> Successors:
   1487: $0   1488: $at   1490: $v1   1491: $k1   1492: $k2   1493: $gp   1495: $sp   1499: $s2   1500: $s3   1501: $s4   1502: $s5   1503: $s6   1504: $s7   1913: $t1913   1928: $t1928
 -> Predecessors:
   1931: $t1931

Node: 1931: $t1931
 -> Successors:
   1487: $0   1488: $at   1490: $v1   1491: $k1   1492: $k2   1493: $gp   1495: $sp   1499: $s2   1500: $s3   1501: $s4   1502: $s5   1503: $s6   1504: $s7   1913: $t1913   1928: $t1928   1930: $t1930
 -> Predecessors:
